"File: hal_gpio.c    Assembler  Version HGASM0202      Page 1


   1  0000              ; Generated by holtek-gcc v3.19, Tue Oct 18 12:09:59 2022
   2  0000              ; 
   3  0000              ; Configuration:
   4  0000              ;       with long instruction
   5  0000              ;       Single ROM, Multi-RAM
   6  0000              ;       bits_per_rom_unit:16
   7  0000              ;       with mp1
   8  0000              ;       with tbhp, address(0x9)
   9  0000              ;          Use tabrd-const
  10  0000              ;       
  11  0000              ; SFR address of long-instruction arch:
  12  0000              ;    mp0 = -1,1,0
  13  0000              ;    mp1 = 4,3,2
  14  0000              ;    mp2 = 14,13,12
  15  0000              ;    tbp = 9,7,8
  16  0000              ;    acc = 5
  17  0000              ;    pcl = 6
  18  0000              ;    status = 10
  19  0000              ;    bp = 11
  20  0000              ;    intc = 17
  21  0000              ;       
  22  0000              ;       
  23  0000              ; use 'tabrdc' instead of 'tabrd'
  24  0000              ;       
  25  0000              
  26  0000              #pragma translator "holtek-gcc 4.6.4" "3.19" "build 20130711"
  27  0000              ; Rebuild 718
  28  0000              
  29  0000              ir equ [2]
  30  0000              mp equ [3]
  31  0000              sbp equ [4]
  32  0000              acc equ [5]
  33  0000              bp equ [11]
  34  0000              tblp equ [7]
  35  0000              tbhp equ [9]
  36  0000              status equ [10]
  37  0000              c equ [10].0
  38  0000              ac equ [10].1
  39  0000              z equ [10].2
  40  0000              ov equ [10].3
  41  0000              cz equ [10].6
  42  0000              sc equ [10].7
  43  0000              intc equ [17]
  44  0000              
  45  0000              extern ra:byte
  46  0000              extern rb:byte
  47  0000              extern rc:byte
  48  0000              extern rd:byte
  49  0000              extern re:byte
  50  0000              extern rf:byte
  51  0000              extern rg:byte
  52  0000              extern rh:byte
  53  0000              extern _Crom2Prom:near
  54  0000              extern _Crom2PromNext:near
  55  0000              
  56  0000              RAMBANK 0 @BITDATASEC, @BITDATASEC1
  57  0000              @HCCINIT	.section 'data'
  58  0000              @HCCINIT0	.section 'data'
  59  0000              @BITDATASEC	 .section 'data'
"File: hal_gpio.ASM  Assembler  Version HGASM0202      Page 2

  60  0000              @BITDATASEC1	 .section 'data'
  61  0000              
  62  0000              #pragma debug scope 1 1
  63  0000              	extern __DELAY3:near
  64  0000              	extern __DELAYX3:near
  65  0000              	extern __DELAYX6:near
  66  0000              	extern __DELAYY5:near
  67  0000              	extern __DELAYY3:near
  68  0000              	extern _builtin_holtek_delay_2:byte
  69  0000              ___pa equ [20]
  70  0000              ___pac equ [21]
  71  0000              ___pb equ [37]
  72  0000              ___pbc equ [38]
  73  0000              ___papu equ [22]
  74  0000              ___pawu equ [23]
  75  0000              public _gpio_init
  76  0000              #pragma debug scope 2 1

   6  0000              #line 6 "c:\users\user\documents\htk_project\qbell_doorbell_mb_v1_2_f9\hal_gpio.c"
   6  0000              _gpio_init .section 'code'
   6  0000              _gpio_init proc
  17  0000              #line 17 "c:\users\user\documents\htk_project\qbell_doorbell_mb_v1_2_f9\hal_gpio.c"
  17  0000  3394        	set [20].7
  18  0001              #line 18 "c:\users\user\documents\htk_project\qbell_doorbell_mb_v1_2_f9\hal_gpio.c"
  18  0001  3194        	set [20].3
  19  0002              #line 19 "c:\users\user\documents\htk_project\qbell_doorbell_mb_v1_2_f9\hal_gpio.c"
  19  0002  3314        	set [20].6
  20  0003              #line 20 "c:\users\user\documents\htk_project\qbell_doorbell_mb_v1_2_f9\hal_gpio.c"
  20  0003  3795        	clr [21].7
  20  0004  3715        	clr [21].6
  20  0005  3595        	clr [21].3
  24  0006              #line 24 "c:\users\user\documents\htk_project\qbell_doorbell_mb_v1_2_f9\hal_gpio.c"
  24  0006  35A5        	clr [37].3
  25  0007              #line 25 "c:\users\user\documents\htk_project\qbell_doorbell_mb_v1_2_f9\hal_gpio.c"
  25  0007  35A6        	clr [38].3
  29  0008              #line 29 "c:\users\user\documents\htk_project\qbell_doorbell_mb_v1_2_f9\hal_gpio.c"
  29  0008  3694        	clr [20].5
  30  0009              #line 30 "c:\users\user\documents\htk_project\qbell_doorbell_mb_v1_2_f9\hal_gpio.c"
  30  0009  3295        	set [21].5
  30  000A  3296        	set [22].5
  30  000B  3297        	set [23].5
  32  000C              #line 32 "c:\users\user\documents\htk_project\qbell_doorbell_mb_v1_2_f9\hal_gpio.c"
  32  000C  3614        	clr [20].4
  33  000D              #line 33 "c:\users\user\documents\htk_project\qbell_doorbell_mb_v1_2_f9\hal_gpio.c"
  33  000D  3215        	set [21].4
  33  000E  3216        	set [22].4
  33  000F  3217        	set [23].4
  33  0010  0003        	ret
  33  0011              _gpio_init endp
  33  0011              #line 33 "c:\users\user\documents\htk_project\qbell_doorbell_mb_v1_2_f9\hal_gpio.c"
  33  0011              #pragma debug scope 1 1
  33  0011              ___integ equ [16]
  33  0011              ___intc0 equ [17]
  33  0011              ___intc2 equ [19]
  33  0011              public _int_init
  33  0011              #pragma debug scope 3 1
  40  0011              #line 40 "c:\users\user\documents\htk_project\qbell_doorbell_mb_v1_2_f9\hal_gpio.c"
  40  0000              _int_init .section 'code'
  40  0000              _int_init proc
  42  0000              #line 42 "c:\users\user\documents\htk_project\qbell_doorbell_mb_v1_2_f9\hal_gpio.c"
"File: hal_gpio.c    Assembler  Version HGASM0202      Page 3

  42  0000  3490        	clr [16].1
  42  0001  3010        	set [16].0
  43  0002              #line 43 "c:\users\user\documents\htk_project\qbell_doorbell_mb_v1_2_f9\hal_gpio.c"
  43  0002  3590        	clr [16].3
  43  0003  3110        	set [16].2
  44  0004              #line 44 "c:\users\user\documents\htk_project\qbell_doorbell_mb_v1_2_f9\hal_gpio.c"
  44  0004  3611        	clr [17].4
  45  0005              #line 45 "c:\users\user\documents\htk_project\qbell_doorbell_mb_v1_2_f9\hal_gpio.c"
  45  0005  3693        	clr [19].5
  46  0006              #line 46 "c:\users\user\documents\htk_project\qbell_doorbell_mb_v1_2_f9\hal_gpio.c"
  46  0006  3091        	set [17].1
  47  0007              #line 47 "c:\users\user\documents\htk_project\qbell_doorbell_mb_v1_2_f9\hal_gpio.c"
  47  0007  3093        	set [19].1
  49  0008              #line 49 "c:\users\user\documents\htk_project\qbell_doorbell_mb_v1_2_f9\hal_gpio.c"
  49  0008  3011        	set [17].0
  51  0009              #line 51 "c:\users\user\documents\htk_project\qbell_doorbell_mb_v1_2_f9\hal_gpio.c"
  51  0009  2000     R  	call _gpio_init
  51  000A  0003        	ret
  51  000B              _int_init endp
  51  000B              #line 51 "c:\users\user\documents\htk_project\qbell_doorbell_mb_v1_2_f9\hal_gpio.c"
  51  000B              #pragma debug scope 1 1
  51  000B              public _rgb_led_ctrl
  51  000B              #pragma debug scope 4 1
  57  000B              #line 57 "c:\users\user\documents\htk_project\qbell_doorbell_mb_v1_2_f9\hal_gpio.c"
  57  0000              _rgb_led_ctrl .section 'code'
  57  0000              _rgb_led_ctrl proc
  57  0000              public _rgb_led_ctrl_2
  57  0000  0003[           local _rgb_led_ctrl_2 db 3 dup(?)	; 2,1
            00
            ]
  57  0000  0080     E  	mov ra,a
  57  0001  0080     R  	mov _rgb_led_ctrl_2[2],a
  57  0002              #pragma debug variable 8 4 _rgb_led_ctrl_2+2 "r"
  57  0002              #pragma debug variable 8 4 _rgb_led_ctrl_2+0 "g"
  57  0002              #pragma debug variable 8 4 _rgb_led_ctrl_2+1 "b"
  58  0002              #line 58 "c:\users\user\documents\htk_project\qbell_doorbell_mb_v1_2_f9\hal_gpio.c"
  58  0002  1B80     E  	rrc ra
  58  0003  1F00     E  	clr ra
  58  0004  1B80     E  	rrc ra
  58  0005  3794        	clr [20].7
  58  0006  0700     E  	mov a,ra
  58  0007  0594        	orm a,[20]
  59  0008              #line 59 "c:\users\user\documents\htk_project\qbell_doorbell_mb_v1_2_f9\hal_gpio.c"
  59  0008  0700     R  	mov a,_rgb_led_ctrl_2[0]
  59  0009  0E01        	and a,1
  59  000A  0080     E  	mov ra,a
  59  000B  1900     E  	rra ra
  59  000C  1985        	rr acc
  59  000D  0EC0        	and a,0c0h
  59  000E  0080     E  	mov ra,a
  59  000F  3714        	clr [20].6
  59  0010  0700     E  	mov a,ra
  59  0011  0594        	orm a,[20]
  60  0012              #line 60 "c:\users\user\documents\htk_project\qbell_doorbell_mb_v1_2_f9\hal_gpio.c"
  60  0012  0700     R  	mov a,_rgb_led_ctrl_2[1]
  60  0013  0E01        	and a,1
  60  0014  0080     E  	mov ra,a
  60  0015  1100     E  	swapa ra
  60  0016  1985        	rr acc
  60  0017  0EF8        	and a,0f8h
"File: hal_gpio.c    Assembler  Version HGASM0202      Page 4

  60  0018  0080     E  	mov ra,a
  60  0019  3594        	clr [20].3
  60  001A  0700     E  	mov a,ra
  60  001B  0594        	orm a,[20]
  60  001C  0003        	ret
  60  001D              _rgb_led_ctrl endp
  60  001D              #line 60 "c:\users\user\documents\htk_project\qbell_doorbell_mb_v1_2_f9\hal_gpio.c"
  60  001D              #pragma debug scope 1 1
  60  001D              public _INT0_proc
  60  001D              #pragma debug scope 5 1
  65  001D              #line 65 "c:\users\user\documents\htk_project\qbell_doorbell_mb_v1_2_f9\hal_gpio.c"
  65  0000              @INT0_proc_code .section at 4 'code'
  65  0000              ifdef INTERRUPT_DELAY
  65  0000              	nop
  65  0000              endif
  65  0000  0080     E  	mov r1,a
  65  0001  070A        	mov a,status
  65  0002              ifndef INTERRUPT_DELAY
  65  0002  0080     E  	mov r2,a
  65  0003              endif
  65  0003  2800     R  	jmp _INT0_proc
  65  0004              #pragma debug scope 1 1
  65  0004              @dummy4 endp
  65  0004              #pragma debug scope 6 1
  65  0000              _INT0_proc .section 'code'
  65  0000              _INT0_proc proc
  65  0000              ifdef INTERRUPT_DELAY
  65  0000              	mov r2,a
  65  0000              endif
  66  0000              #line 66 "c:\users\user\documents\htk_project\qbell_doorbell_mb_v1_2_f9\hal_gpio.c"
  66  0000  0F01        	mov a,1
  66  0001  0080     R  	mov _intF[0],a
  66  0002  0700     E  	mov a,r2
  66  0003  008A        	mov status,a
  66  0004  0700     E  	mov a,r1
  66  0005  0004        	reti
  66  0006              _INT0_proc endp
  66  0006              
  66  0006              #line 66 "c:\users\user\documents\htk_project\qbell_doorbell_mb_v1_2_f9\hal_gpio.c"
  66  0006              #pragma debug scope 1 1
  66  0006              public _INT1_proc
  66  0006              #pragma debug scope 7 1
  71  0006              #line 71 "c:\users\user\documents\htk_project\qbell_doorbell_mb_v1_2_f9\hal_gpio.c"
  71  0000              @INT1_proc_code .section at 36 'code'
  71  0000              ifdef INTERRUPT_DELAY
  71  0000              	nop
  71  0000              endif
  71  0000  0080     E  	mov r1,a
  71  0001  070A        	mov a,status
  71  0002              ifndef INTERRUPT_DELAY
  71  0002  0080     E  	mov r2,a
  71  0003              endif
  71  0003  2800     R  	jmp _INT1_proc
  71  0004              #pragma debug scope 1 1
  71  0004              @dummy36 endp
  71  0004              #pragma debug scope 8 1
  71  0000              _INT1_proc .section 'code'
  71  0000              _INT1_proc proc
  71  0000              ifdef INTERRUPT_DELAY
  71  0000              	mov r2,a
"File: hal_gpio.c    Assembler  Version HGASM0202      Page 5

  71  0000              endif
  72  0000              #line 72 "c:\users\user\documents\htk_project\qbell_doorbell_mb_v1_2_f9\hal_gpio.c"
  72  0000  0F01        	mov a,1
  72  0001  0080     R  	mov _intF[1],a
  72  0002  0700     E  	mov a,r2
  72  0003  008A        	mov status,a
  72  0004  0700     E  	mov a,r1
  72  0005  0004        	reti
  72  0006              _INT1_proc endp
  72  0006              
  72  0006              #line 72 "c:\users\user\documents\htk_project\qbell_doorbell_mb_v1_2_f9\hal_gpio.c"
  72  0006              #pragma debug scope 1 1
   3  0006              #line 3 "c:\users\user\documents\htk_project\qbell_doorbell_mb_v1_2_f9\hal_gpio.c"
   3  0006              public _intF
   3  0000              @HCCINIT0_intF .section 'data'
   3  0000  002C[       _intF	db 44 dup(0)
            00
            ]
   3  002C              #pragma debug struct_end
   3  002C              #pragma debug struct_end
   3  002C              #pragma debug variable 42 1 _intF "intF"
   3  002C              
   3  0000              @HCCINIT .section 'data'
   3  0000              #pragma debug struct_end
   3  0000              #pragma debug struct_end
   3  0000              #pragma debug union_end
   3  0000              #pragma debug union_end
   3  0000              #pragma debug variable 44 1 ___integ "__integ" 1
   3  0000              #pragma debug struct_end
   3  0000              #pragma debug struct_end
   3  0000              #pragma debug union_end
   3  0000              #pragma debug union_end
   3  0000              #pragma debug variable 46 1 ___intc0 "__intc0" 1
   3  0000              #pragma debug struct_end
   3  0000              #pragma debug struct_end
   3  0000              #pragma debug union_end
   3  0000              #pragma debug union_end
   3  0000              #pragma debug variable 48 1 ___intc2 "__intc2" 1
   3  0000              #pragma debug struct_end
   3  0000              #pragma debug struct_end
   3  0000              #pragma debug union_end
   3  0000              #pragma debug union_end
   3  0000              #pragma debug variable 50 1 ___pa "__pa" 1
   3  0000              #pragma debug struct_end
   3  0000              #pragma debug struct_end
   3  0000              #pragma debug union_end
   3  0000              #pragma debug union_end
   3  0000              #pragma debug variable 52 1 ___pac "__pac" 1
   3  0000              #pragma debug struct_end
   3  0000              #pragma debug struct_end
   3  0000              #pragma debug union_end
   3  0000              #pragma debug union_end
   3  0000              #pragma debug variable 54 1 ___papu "__papu" 1
   3  0000              #pragma debug struct_end
   3  0000              #pragma debug struct_end
   3  0000              #pragma debug union_end
   3  0000              #pragma debug union_end
   3  0000              #pragma debug variable 56 1 ___pawu "__pawu" 1
   3  0000              #pragma debug struct_end
   3  0000              #pragma debug struct_end
"File: hal_gpio.c    Assembler  Version HGASM0202      Page 6

   3  0000              #pragma debug union_end
   3  0000              #pragma debug union_end
   3  0000              #pragma debug variable 58 1 ___pb "__pb" 1
   3  0000              #pragma debug struct_end
   3  0000              #pragma debug struct_end
   3  0000              #pragma debug union_end
   3  0000              #pragma debug union_end
   3  0000              #pragma debug variable 60 1 ___pbc "__pbc" 1
   3  0000              extern r1:byte
   3  0000              extern r2:byte
   3  0000              
   3  0000              ; 
   3  0000              ; Generated by holtek-gcc v3.19, Tue Oct 18 12:09:59 2022
   3  0000              ; Rebuild 718
   3  0000              ; end of file


        0 Errors, 0