"File: hal_rf.c      Assembler  Version HGASM0202      Page 1


   1  0000              ; Generated by holtek-gcc v3.19, Sat Oct 29 17:39:44 2022
   2  0000              ; 
   3  0000              ; Configuration:
   4  0000              ;       with long instruction
   5  0000              ;       Single ROM, Multi-RAM
   6  0000              ;       bits_per_rom_unit:16
   7  0000              ;       with mp1
   8  0000              ;       with tbhp, address(0x9)
   9  0000              ;          Use tabrd-const
  10  0000              ;       
  11  0000              ; SFR address of long-instruction arch:
  12  0000              ;    mp0 = -1,1,0
  13  0000              ;    mp1 = 4,3,2
  14  0000              ;    mp2 = 14,13,12
  15  0000              ;    tbp = 9,7,8
  16  0000              ;    acc = 5
  17  0000              ;    pcl = 6
  18  0000              ;    status = 10
  19  0000              ;    bp = 11
  20  0000              ;    intc = 17
  21  0000              ;       
  22  0000              ;       
  23  0000              ; use 'tabrdc' instead of 'tabrd'
  24  0000              ;       
  25  0000              
  26  0000              #pragma translator "holtek-gcc 4.6.4" "3.19" "build 20130711"
  27  0000              ; Rebuild 718
  28  0000              
  29  0000              ir equ [2]
  30  0000              mp equ [3]
  31  0000              sbp equ [4]
  32  0000              acc equ [5]
  33  0000              bp equ [11]
  34  0000              tblp equ [7]
  35  0000              tbhp equ [9]
  36  0000              status equ [10]
  37  0000              c equ [10].0
  38  0000              ac equ [10].1
  39  0000              z equ [10].2
  40  0000              ov equ [10].3
  41  0000              cz equ [10].6
  42  0000              sc equ [10].7
  43  0000              intc equ [17]
  44  0000              
  45  0000              extern ra:byte
  46  0000              extern rb:byte
  47  0000              extern rc:byte
  48  0000              extern rd:byte
  49  0000              extern re:byte
  50  0000              extern rf:byte
  51  0000              extern rg:byte
  52  0000              extern rh:byte
  53  0000              extern _Crom2Prom:near
  54  0000              extern _Crom2PromNext:near
  55  0000              
  56  0000              RAMBANK 0 @BITDATASEC, @BITDATASEC1
  57  0000              @HCCINIT	.section 'data'
  58  0000              @HCCINIT0	.section 'data'
  59  0000              @BITDATASEC	 .section 'data'
"File: hal_rf.ASM    Assembler  Version HGASM0202      Page 2

  60  0000              @BITDATASEC1	 .section 'data'
  61  0000              
  62  0000              #pragma debug scope 1 1
  63  0000              	extern __DELAY3:near
  64  0000              	extern __DELAYX3:near
  65  0000              	extern __DELAYX6:near
  66  0000              	extern __DELAYY5:near
  67  0000              	extern __DELAYY3:near
  68  0000              	extern _builtin_holtek_delay_2:byte
  69  0000              ___mp1h equ [4]
  70  0000              ___mp1l equ [3]
  71  0000              ___tblp equ [7]
  72  0000              ___iar1 equ [2]
  73  0000              public _fun_RamInit
  74  0000              #pragma debug scope 2 1

  56  0000              #line 56 "c:\users\user\documents\htk_project\qbell_doorbell_mb_v1_2_f9\hal_rf.c"
  56  0000              _fun_RamInit .section 'code'
  56  0000              _fun_RamInit proc
  57  0000              #line 57 "c:\users\user\documents\htk_project\qbell_doorbell_mb_v1_2_f9\hal_rf.c"
  57  0000  1F04        	clr [4]
  57  0001              _L2:
  57  0001              #line 57 "c:\users\user\documents\htk_project\qbell_doorbell_mb_v1_2_f9\hal_rf.c"
  57  0001  0F03        	mov a,3
  57  0002  0204        	sub a,[4]
  57  0003  380A        	snz c
  57  0004  2800     R  	jmp _L7
  59  0005              #line 59 "c:\users\user\documents\htk_project\qbell_doorbell_mb_v1_2_f9\hal_rf.c"
  59  0005  0F80        	mov a,128
  59  0006  0083        	mov [3],a
  60  0007              #line 60 "c:\users\user\documents\htk_project\qbell_doorbell_mb_v1_2_f9\hal_rf.c"
  60  0007  0F80        	mov a,128
  60  0008  0087        	mov [7],a
  60  0009              _L3:
  60  0009  1E07        	snz [7]
  60  000A  2800     R  	jmp _L8
  62  000B              #line 62 "c:\users\user\documents\htk_project\qbell_doorbell_mb_v1_2_f9\hal_rf.c"
  62  000B  1F02        	clr [2]
  63  000C              #line 63 "c:\users\user\documents\htk_project\qbell_doorbell_mb_v1_2_f9\hal_rf.c"
  63  000C  1483        	inc [3]
  60  000D              #line 60 "c:\users\user\documents\htk_project\qbell_doorbell_mb_v1_2_f9\hal_rf.c"
  60  000D  1587        	dec [7]
  60  000E  2800     R  	jmp _L3
  60  000F              _L8:
  57  000F              #line 57 "c:\users\user\documents\htk_project\qbell_doorbell_mb_v1_2_f9\hal_rf.c"
  57  000F  1484        	inc [4]
  57  0010  2800     R  	jmp _L2
  57  0011              _L7:
  66  0011              #line 66 "c:\users\user\documents\htk_project\qbell_doorbell_mb_v1_2_f9\hal_rf.c"
  66  0011  1F04        	clr [4]
  66  0012  0003        	ret
  66  0013              _fun_RamInit endp
  66  0013              #line 66 "c:\users\user\documents\htk_project\qbell_doorbell_mb_v1_2_f9\hal_rf.c"
  66  0013              #pragma debug scope 1 1
  66  0013              ___papu equ [22]
  66  0013              ___pbpu equ [39]
  66  0013              ___pcc equ [66]
  66  0013              ___pcpu equ [67]
  66  0013              ___pdc equ [83]
  66  0013              ___pdpu equ [84]
"File: hal_rf.c      Assembler  Version HGASM0202      Page 3

  66  0013              ___psc0r equ [102]
  66  0013              ___scc equ [25]
  66  0013              ___hircc equ [28]
  66  0013              ___wdtc equ [26]
  66  0013              ___tb0c equ [27]
  66  0013              ___intc1 equ [18]
  66  0013              ___integ equ [16]
  66  0013              ___pac equ [21]
  66  0013              ___ifs equ [81]
  66  0013              ___intc0 equ [17]
  66  0013              public _Sys_init
  66  0013              #pragma debug scope 3 1
  15  0013              #line 15 "c:\users\user\documents\htk_project\qbell_doorbell_mb_v1_2_f9\hal_rf.c"
  15  0000              _Sys_init .section 'code'
  15  0000              _Sys_init proc
  16  0000              #line 16 "c:\users\user\documents\htk_project\qbell_doorbell_mb_v1_2_f9\hal_rf.c"
  16  0000  1F96        	set [22]
  17  0001              #line 17 "c:\users\user\documents\htk_project\qbell_doorbell_mb_v1_2_f9\hal_rf.c"
  17  0001  1FA7        	set [39]
  18  0002              #line 18 "c:\users\user\documents\htk_project\qbell_doorbell_mb_v1_2_f9\hal_rf.c"
  18  0002  1FC2        	set [66]
  19  0003              #line 19 "c:\users\user\documents\htk_project\qbell_doorbell_mb_v1_2_f9\hal_rf.c"
  19  0003  1FC3        	set [67]
  20  0004              #line 20 "c:\users\user\documents\htk_project\qbell_doorbell_mb_v1_2_f9\hal_rf.c"
  20  0004  1FD3        	set [83]
  21  0005              #line 21 "c:\users\user\documents\htk_project\qbell_doorbell_mb_v1_2_f9\hal_rf.c"
  21  0005  1FD4        	set [84]
  23  0006              #line 23 "c:\users\user\documents\htk_project\qbell_doorbell_mb_v1_2_f9\hal_rf.c"
  23  0006  2000     R  	call _fun_RamInit
  26  0007              #line 26 "c:\users\user\documents\htk_project\qbell_doorbell_mb_v1_2_f9\hal_rf.c"
  26  0007  0F02        	mov a,2
  26  0008  00E6        	mov [102],a
  27  0009              #line 27 "c:\users\user\documents\htk_project\qbell_doorbell_mb_v1_2_f9\hal_rf.c"
  27  0009  1F19        	clr [25]
  28  000A              #line 28 "c:\users\user\documents\htk_project\qbell_doorbell_mb_v1_2_f9\hal_rf.c"
  28  000A  0F01        	mov a,1
  28  000B  009C        	mov [28],a
  31  000C              #line 31 "c:\users\user\documents\htk_project\qbell_doorbell_mb_v1_2_f9\hal_rf.c"
  31  000C  0FA8        	mov a,168
  31  000D  009A        	mov [26],a
  37  000E              #line 37 "c:\users\user\documents\htk_project\qbell_doorbell_mb_v1_2_f9\hal_rf.c"
  37  000E  0F02        	mov a,2
  37  000F  00E6        	mov [102],a
  38  0010              #line 38 "c:\users\user\documents\htk_project\qbell_doorbell_mb_v1_2_f9\hal_rf.c"
  38  0010  1F1B        	clr [27]
  39  0011              #line 39 "c:\users\user\documents\htk_project\qbell_doorbell_mb_v1_2_f9\hal_rf.c"
  39  0011  339B        	set [27].7
  40  0012              #line 40 "c:\users\user\documents\htk_project\qbell_doorbell_mb_v1_2_f9\hal_rf.c"
  40  0012  3192        	set [18].3
  45  0013              #line 45 "c:\users\user\documents\htk_project\qbell_doorbell_mb_v1_2_f9\hal_rf.c"
  45  0013  3090        	set [16].1
  46  0014              #line 46 "c:\users\user\documents\htk_project\qbell_doorbell_mb_v1_2_f9\hal_rf.c"
  46  0014  3410        	clr [16].0
  47  0015              #line 47 "c:\users\user\documents\htk_project\qbell_doorbell_mb_v1_2_f9\hal_rf.c"
  47  0015  3095        	set [21].1
  48  0016              #line 48 "c:\users\user\documents\htk_project\qbell_doorbell_mb_v1_2_f9\hal_rf.c"
  48  0016  3096        	set [22].1
  49  0017              #line 49 "c:\users\user\documents\htk_project\qbell_doorbell_mb_v1_2_f9\hal_rf.c"
  49  0017  3251        	set [81].4
  50  0018              #line 50 "c:\users\user\documents\htk_project\qbell_doorbell_mb_v1_2_f9\hal_rf.c"
"File: hal_rf.c      Assembler  Version HGASM0202      Page 4

  50  0018  3091        	set [17].1
  50  0019  0003        	ret
  50  001A              _Sys_init endp
  50  001A              #line 50 "c:\users\user\documents\htk_project\qbell_doorbell_mb_v1_2_f9\hal_rf.c"
  50  001A              #pragma debug scope 1 1
  50  001A              public _RF_Process_Init
  50  001A              #pragma debug scope 4 1
  71  001A              #line 71 "c:\users\user\documents\htk_project\qbell_doorbell_mb_v1_2_f9\hal_rf.c"
  71  0000              _RF_Process_Init .section 'code'
  71  0000              _RF_Process_Init proc
  72  0000              #line 72 "c:\users\user\documents\htk_project\qbell_doorbell_mb_v1_2_f9\hal_rf.c"
  72  0000  2000     R  	call _Sys_init
  73  0001              #line 73 "c:\users\user\documents\htk_project\qbell_doorbell_mb_v1_2_f9\hal_rf.c"
  73  0001  2000     E  	call _RF_Init
  74  0002              #line 74 "c:\users\user\documents\htk_project\qbell_doorbell_mb_v1_2_f9\hal_rf.c"
  74  0002  2000     E  	call _RF_Parameter_loading
  76  0003              #line 76 "c:\users\user\documents\htk_project\qbell_doorbell_mb_v1_2_f9\hal_rf.c"
  76  0003  0F05        	mov a,5
  76  0004  0080     E  	mov _BC3602_T[0],a
  76  0005  0003        	ret
  76  0006              _RF_Process_Init endp
  76  0006              #line 76 "c:\users\user\documents\htk_project\qbell_doorbell_mb_v1_2_f9\hal_rf.c"
  76  0006              #pragma debug scope 1 1
  76  0006              ___pa equ [20]
  76  0000              @crom	.section 'crom'
  76  0000              _LC0:
  76  0000              	db 044h,06fh,06fh,072h,062h,065h,06ch,06ch,020h,04eh
  76  0005              	db 06fh,074h,069h,066h,069h,063h,061h,074h,069h,06fh
  76  000A              	db 06eh,020h,041h,063h,06bh,020h,052h,065h,063h,065h
  76  000F              	db 069h,076h,065h,064h,03ah,020h,00h
  76  0013              @crom	.section 'crom'
  76  0013              _LC1:
  76  0013              	db 050h,061h,069h,072h,069h,06eh,067h,020h,052h,065h
  76  0018              	db 071h,075h,065h,073h,074h,020h,052h,065h,063h,065h
  76  001D              	db 069h,076h,065h,064h,03ah,020h,00h
  76  0020              @crom	.section 'crom'
  76  0020              _LC2:
  76  0020              	db 050h,061h,069h,072h,069h,06eh,067h,020h,043h,06fh
  76  0025              	db 06eh,066h,069h,072h,06dh,061h,074h,069h,06fh,06eh
  76  002A              	db 020h,052h,065h,071h,075h,065h,073h,074h,03ah,020h
  76  002F              	db 00h
  76  0030              @crom	.section 'crom'
  76  0030              _LC3:
  76  0030              	db 055h,06eh,070h,061h,069h,072h,069h,06eh,067h,020h
  76  0035              	db 052h,065h,071h,075h,065h,073h,074h,020h,052h,065h
  76  003A              	db 063h,065h,069h,076h,065h,064h,03ah,020h,00h
  76  003E              @crom	.section 'crom'
  76  003E              _LC4:
  76  003E              	db 055h,06eh,070h,061h,069h,072h,069h,06eh,067h,020h
  76  0043              	db 043h,06fh,06eh,066h,069h,072h,06dh,061h,074h,069h
  76  0048              	db 06fh,06eh,020h,052h,065h,071h,075h,065h,073h,074h
  76  004D              	db 020h,052h,065h,063h,065h,069h,076h,065h,064h,03ah
  76  0052              	db 020h,00h
  76  0053              @crom	.section 'crom'
  76  0053              _LC5:
  76  0053              	db 055h,06eh,06bh,06eh,06fh,077h,020h,050h,061h,063h
  76  0058              	db 06bh,065h,074h,020h,052h,065h,063h,065h,069h,076h
  76  005D              	db 065h,064h,03ah,020h,00h
  76  0060              @crom	.section 'crom'
  76  0060              _LC6:
"File: hal_rf.c      Assembler  Version HGASM0202      Page 5

  76  0060              	db 0ah,00h
  76  0061              public _RF_Finished_Process
  76  0061              #pragma debug scope 5 1
 158  0061              #line 158 "c:\users\user\documents\htk_project\qbell_doorbell_mb_v1_2_f9\hal_rf.c"
 158  0000              _RF_Finished_Process .section 'code'
 158  0000              _RF_Finished_Process proc
 158  0000              public _RF_Finished_Process_2
 158  0000  0002[           local _RF_Finished_Process_2 db 2 dup(?)	; 2,0
            00
            ]
 158  0002              #pragma debug struct_end
 158  0002              #pragma debug struct_end
 158  0002              #pragma debug pointer 43 42 5
 158  0002              #pragma debug pointer 43 42 5
 158  0002              #pragma debug variable 43 5 _RF_Finished_Process_2+0 "BC3602_T"
 160  0002              #line 160 "c:\users\user\documents\htk_project\qbell_doorbell_mb_v1_2_f9\hal_rf.c"
 160  0000  0700     R  	mov a,_RF_Finished_Process_2[0]
 160  0001  0080     E  	mov rb,a
 160  0002  0700     R  	mov a,_RF_Finished_Process_2[1]
 160  0003  0080     E  	mov rc,a
 160  0004  0F0E        	mov a,14
 160  0005  0300     E  	add a,rb
 160  0006  0083        	mov mp,a
 160  0007  0F00        	mov a,0
 160  0008  1300     E  	adc a,rc
 160  0009  0084        	mov sbp,a
 160  000A  2000     E  	call _Crom2Prom
 160  000B  0080     E  	mov ra,a
 160  000C  1E00     E  	snz ra
 160  000D  2800     R  	jmp _L12
 163  000E              #line 163 "c:\users\user\documents\htk_project\qbell_doorbell_mb_v1_2_f9\hal_rf.c"
 163  000E  0700     E  	mov a,_RF_TXFIFO[0]
 163  000F  0A01        	sub a,1
 163  0010  3D0A        	sz z
 163  0011  2800     R  	jmp _L17
 163  0012  0A01        	sub a,(2)-(1)
 163  0013  3D0A        	sz z
 163  0014  2800     R  	jmp _L17
 163  0015  0700     E  	mov a,_RF_TXFIFO[0]
 163  0016  0A03        	sub a,3
 163  0017  3D0A        	sz z
 163  0018  2800     R  	jmp _L17
 163  0019  0700     E  	mov a,_RF_TXFIFO[0]
 163  001A  0A04        	sub a,4
 163  001B  390A        	snz z
 163  001C  2800     R  	jmp _L13
 163  001D              _L17:
 175  001D              #line 175 "c:\users\user\documents\htk_project\qbell_doorbell_mb_v1_2_f9\hal_rf.c"
 175  001D  3314        	set [20].6
 175  001E              _L13:
 180  001E              #line 180 "c:\users\user\documents\htk_project\qbell_doorbell_mb_v1_2_f9\hal_rf.c"
 180  001E  0F0E        	mov a,14
 180  001F  0300     E  	add a,rb
 180  0020  0083        	mov mp,a
 180  0021  0F00        	mov a,0
 180  0022  1300     E  	adc a,rc
 180  0023  0084        	mov sbp,a
 180  0024  0F00        	mov a,0
 180  0025  0082        	mov ir,a
 181  0026              #line 181 "c:\users\user\documents\htk_project\qbell_doorbell_mb_v1_2_f9\hal_rf.c"
"File: hal_rf.c      Assembler  Version HGASM0202      Page 6

 181  0026  0F01        	mov a,1
 181  0027  0300     R  	add a,_RF_Finished_Process_2[0]
 181  0028  0083        	mov mp,a
 181  0029  0F00        	mov a,0
 181  002A  1300     R  	adc a,_RF_Finished_Process_2[1]
 181  002B  0084        	mov sbp,a
 181  002C  0F00        	mov a,0
 181  002D  0082        	mov ir,a
 182  002E              #line 182 "c:\users\user\documents\htk_project\qbell_doorbell_mb_v1_2_f9\hal_rf.c"
 182  002E  0700     R  	mov a,_RF_Finished_Process_2[0]
 182  002F  0083        	mov mp,a
 182  0030  0700     R  	mov a,_RF_Finished_Process_2[1]
 182  0031  0084        	mov sbp,a
 182  0032  0F05        	mov a,5
 182  0033  0082        	mov ir,a
 182  0034              _L12:
 185  0034              #line 185 "c:\users\user\documents\htk_project\qbell_doorbell_mb_v1_2_f9\hal_rf.c"
 185  0034  0700     R  	mov a,_RF_Finished_Process_2[0]
 185  0035  0080     E  	mov rb,a
 185  0036  0700     R  	mov a,_RF_Finished_Process_2[1]
 185  0037  0080     E  	mov rc,a
 185  0038  0F0F        	mov a,15
 185  0039  0300     E  	add a,rb
 185  003A  0083        	mov mp,a
 185  003B  0F00        	mov a,0
 185  003C  1300     E  	adc a,rc
 185  003D  0084        	mov sbp,a
 185  003E  2000     E  	call _Crom2Prom
 185  003F  0080     E  	mov ra,a
 185  0040  1E00     E  	snz ra
 185  0041  2800     R  	jmp _L18
 200  0042              #line 200 "c:\users\user\documents\htk_project\qbell_doorbell_mb_v1_2_f9\hal_rf.c"
 200  0042  0F01        	mov a,1
 200  0043  0300     E  	add a,rb
 200  0044  0083        	mov mp,a
 200  0045  0F00        	mov a,0
 200  0046  1300     E  	adc a,rc
 200  0047  0084        	mov sbp,a
 200  0048  0F00        	mov a,0
 200  0049  0082        	mov ir,a
 201  004A              #line 201 "c:\users\user\documents\htk_project\qbell_doorbell_mb_v1_2_f9\hal_rf.c"
 201  004A  0F0F        	mov a,15
 201  004B  0300     R  	add a,_RF_Finished_Process_2[0]
 201  004C  0083        	mov mp,a
 201  004D  0F00        	mov a,0
 201  004E  1300     R  	adc a,_RF_Finished_Process_2[1]
 201  004F  0084        	mov sbp,a
 201  0050  0F00        	mov a,0
 201  0051  0082        	mov ir,a
 202  0052              #line 202 "c:\users\user\documents\htk_project\qbell_doorbell_mb_v1_2_f9\hal_rf.c"
 202  0052  0700     R  	mov a,_RF_Finished_Process_2[0]
 202  0053  0083        	mov mp,a
 202  0054  0700     R  	mov a,_RF_Finished_Process_2[1]
 202  0055  0084        	mov sbp,a
 202  0056  0F05        	mov a,5
 202  0057  0082        	mov ir,a
 202  0058              _L18:
 205  0058              #line 205 "c:\users\user\documents\htk_project\qbell_doorbell_mb_v1_2_f9\hal_rf.c"
 205  0058  0F17        	mov a,23
 205  0059  0300     R  	add a,_RF_Finished_Process_2[0]
"File: hal_rf.c      Assembler  Version HGASM0202      Page 7

 205  005A  0083        	mov mp,a
 205  005B  0F00        	mov a,0
 205  005C  1300     R  	adc a,_RF_Finished_Process_2[1]
 205  005D  0084        	mov sbp,a
 205  005E  2000     E  	call _Crom2Prom
 205  005F  0080     E  	mov ra,a
 205  0060  1E00     E  	snz ra
 205  0061  2800     R  	jmp _L11
 205  0062  0F0A        	mov a,10
 205  0063  0080     E  	mov ra,a
 205  0064  1F00     E  	clr rd
 205  0065              _L21:
 205  0065              #pragma debug scope 6 5
 205  0065              ;begin block, line: 205.-1
 209  0065              #line 209 "c:\users\user\documents\htk_project\qbell_doorbell_mb_v1_2_f9\hal_rf.c"
 209  0065  0700     E  	mov a,rd
 209  0066  0080     E  	mov rb,a
 209  0067  1F00     E  	clr rc
 209  0068  0F00     E  	mov a,low offset _RF_RXFIFO
 209  0069  0300     E  	add a,rb
 209  006A  0083        	mov mp,a
 209  006B  0F00     E  	mov a,high offset _RF_RXFIFO
 209  006C  1300     E  	adc a,rc
 209  006D  0084        	mov sbp,a
 209  006E  2000     E  	call _Crom2Prom
 209  006F  0080     E  	mov re,a
 209  0070  0F00     E  	mov a,low (offset _intF+3)
 209  0071  0300     E  	add a,rb
 209  0072  0083        	mov mp,a
 209  0073  0F00     E  	mov a,high (offset _intF+3)
 209  0074  1300     E  	adc a,rc
 209  0075  0084        	mov sbp,a
 209  0076  0700     E  	mov a,re
 209  0077  0082        	mov ir,a
 208  0078              #line 208 "c:\users\user\documents\htk_project\qbell_doorbell_mb_v1_2_f9\hal_rf.c"
 208  0078  1480     E  	inc rd
 208  0079  1780     E  	sdz ra
 208  007A  2800     R  	jmp _L21
 211  007B              #line 211 "c:\users\user\documents\htk_project\qbell_doorbell_mb_v1_2_f9\hal_rf.c"
 211  007B  0700     E  	mov a,_RF_RXFIFO[0]
 211  007C  0A01        	sub a,1
 211  007D  3D0A        	sz z
 211  007E  2800     R  	jmp _L23
 211  007F  0A01        	sub a,(2)-(1)
 211  0080  3D0A        	sz z
 211  0081  2800     R  	jmp _L24
 211  0082  0700     E  	mov a,_RF_RXFIFO[0]
 211  0083  0A03        	sub a,3
 211  0084  3D0A        	sz z
 211  0085  2800     R  	jmp _L25
 211  0086  0A01        	sub a,(4)-(3)
 211  0087  3D0A        	sz z
 211  0088  2800     R  	jmp _L26
 211  0089  0700     E  	mov a,_RF_RXFIFO[0]
 211  008A  0A05        	sub a,5
 211  008B  390A        	snz z
 211  008C  2800     R  	jmp _L38
 236  008D              #line 236 "c:\users\user\documents\htk_project\qbell_doorbell_mb_v1_2_f9\hal_rf.c"
 236  008D  0F00     R  	mov a,low offset _LC4
 236  008E  0080     E  	mov _uart_printf_2[0],a
"File: hal_rf.c      Assembler  Version HGASM0202      Page 8

 236  008F  0F00     R  	mov a,high offset _LC4
 236  0090  0080     E  	mov _uart_printf_2[1],a
 236  0091  2800     R  	jmp _L40
 236  0092              _L23:
 214  0092              #line 214 "c:\users\user\documents\htk_project\qbell_doorbell_mb_v1_2_f9\hal_rf.c"
 214  0092  0F01        	mov a,1
 214  0093  0080     E  	mov _intF[30],a
 215  0094              #line 215 "c:\users\user\documents\htk_project\qbell_doorbell_mb_v1_2_f9\hal_rf.c"
 215  0094  0F00     R  	mov a,low offset _LC0
 215  0095  0080     E  	mov _uart_printf_2[0],a
 215  0096  0F00     R  	mov a,high offset _LC0
 215  0097  0080     E  	mov _uart_printf_2[1],a
 215  0098  2800     R  	jmp _L39
 215  0099              _L24:
 220  0099              #line 220 "c:\users\user\documents\htk_project\qbell_doorbell_mb_v1_2_f9\hal_rf.c"
 220  0099  0F00     R  	mov a,low offset _LC1
 220  009A  0080     E  	mov _uart_printf_2[0],a
 220  009B  0F00     R  	mov a,high offset _LC1
 220  009C  0080     E  	mov _uart_printf_2[1],a
 220  009D  2800     R  	jmp _L40
 220  009E              _L26:
 225  009E              #line 225 "c:\users\user\documents\htk_project\qbell_doorbell_mb_v1_2_f9\hal_rf.c"
 225  009E  0F00     R  	mov a,low offset _LC2
 225  009F  0080     E  	mov _uart_printf_2[0],a
 225  00A0  0F00     R  	mov a,high offset _LC2
 225  00A1  0080     E  	mov _uart_printf_2[1],a
 225  00A2  2800     R  	jmp _L40
 225  00A3              _L25:
 230  00A3              #line 230 "c:\users\user\documents\htk_project\qbell_doorbell_mb_v1_2_f9\hal_rf.c"
 230  00A3  0F00     R  	mov a,low offset _LC3
 230  00A4  0080     E  	mov _uart_printf_2[0],a
 230  00A5  0F00     R  	mov a,high offset _LC3
 230  00A6  0080     E  	mov _uart_printf_2[1],a
 230  00A7              _L40:
 236  00A7              #line 236 "c:\users\user\documents\htk_project\qbell_doorbell_mb_v1_2_f9\hal_rf.c"
 236  00A7  2000     E  	call _uart_printf
 237  00A8              #line 237 "c:\users\user\documents\htk_project\qbell_doorbell_mb_v1_2_f9\hal_rf.c"
 237  00A8  0F01        	mov a,1
 237  00A9  0080     E  	mov _intF[30],a
 238  00AA              #line 238 "c:\users\user\documents\htk_project\qbell_doorbell_mb_v1_2_f9\hal_rf.c"
 238  00AA  2800     R  	jmp _L28
 238  00AB              _L38:
 241  00AB              #line 241 "c:\users\user\documents\htk_project\qbell_doorbell_mb_v1_2_f9\hal_rf.c"
 241  00AB  0F00     R  	mov a,low offset _LC5
 241  00AC  0080     E  	mov _uart_printf_2[0],a
 241  00AD  0F00     R  	mov a,high offset _LC5
 241  00AE  0080     E  	mov _uart_printf_2[1],a
 241  00AF              _L39:
 241  00AF  2000     E  	call _uart_printf
 241  00B0              _L28:
 244  00B0              #line 244 "c:\users\user\documents\htk_project\qbell_doorbell_mb_v1_2_f9\hal_rf.c"
 244  00B0  0F00     E  	mov a,low (offset _intF+3)
 244  00B1  0080     E  	mov _uart_printf_2[0],a
 244  00B2  0F00     E  	mov a,high (offset _intF+3)
 244  00B3  0080     E  	mov _uart_printf_2[1],a
 244  00B4  2000     E  	call _uart_printf
 245  00B5              #line 245 "c:\users\user\documents\htk_project\qbell_doorbell_mb_v1_2_f9\hal_rf.c"
 245  00B5  0F00     R  	mov a,low offset _LC6
 245  00B6  0080     E  	mov _uart_printf_2[0],a
 245  00B7  0F00     R  	mov a,high offset _LC6
"File: hal_rf.c      Assembler  Version HGASM0202      Page 9

 245  00B8  0080     E  	mov _uart_printf_2[1],a
 245  00B9  2000     E  	call _uart_printf
 247  00BA              #line 247 "c:\users\user\documents\htk_project\qbell_doorbell_mb_v1_2_f9\hal_rf.c"
 247  00BA  0F01        	mov a,1
 247  00BB  0300     R  	add a,_RF_Finished_Process_2[0]
 247  00BC  0083        	mov mp,a
 247  00BD  0F00        	mov a,0
 247  00BE  1300     R  	adc a,_RF_Finished_Process_2[1]
 247  00BF  0084        	mov sbp,a
 247  00C0  0F00        	mov a,0
 247  00C1  0082        	mov ir,a
 248  00C2              #line 248 "c:\users\user\documents\htk_project\qbell_doorbell_mb_v1_2_f9\hal_rf.c"
 248  00C2  0F17        	mov a,23
 248  00C3  0300     R  	add a,_RF_Finished_Process_2[0]
 248  00C4  0083        	mov mp,a
 248  00C5  0F00        	mov a,0
 248  00C6  1300     R  	adc a,_RF_Finished_Process_2[1]
 248  00C7  0084        	mov sbp,a
 248  00C8  0F00        	mov a,0
 248  00C9  0082        	mov ir,a
 249  00CA              #line 249 "c:\users\user\documents\htk_project\qbell_doorbell_mb_v1_2_f9\hal_rf.c"
 249  00CA  0700     R  	mov a,_RF_Finished_Process_2[0]
 249  00CB  0083        	mov mp,a
 249  00CC  0700     R  	mov a,_RF_Finished_Process_2[1]
 249  00CD  0084        	mov sbp,a
 249  00CE  0F05        	mov a,5
 249  00CF  0082        	mov ir,a
 249  00D0              _L11:
 249  00D0              #pragma debug scope 5 1
 249  00D0  0003        	ret
 249  00D1              _RF_Finished_Process endp
 249  00D1              #line 249 "c:\users\user\documents\htk_project\qbell_doorbell_mb_v1_2_f9\hal_rf.c"
 249  00D1              #pragma debug scope 1 1
 249  0061              @crom	.section 'crom'
 249  0061              _LC7:
 249  0061              	db 054h,072h,061h,06eh,073h,06dh,069h,074h,074h,069h
 249  0066              	db 06eh,067h,020h,050h,061h,063h,06bh,065h,074h,03ah
 249  006B              	db 020h,00h
 249  006C              public _DATA_Process
 249  006C              #pragma debug scope 7 1
 259  006C              #line 259 "c:\users\user\documents\htk_project\qbell_doorbell_mb_v1_2_f9\hal_rf.c"
 259  0000              _DATA_Process .section 'code'
 259  0000              _DATA_Process proc
 259  0000              public _DATA_Process_2
 259  0000  0002[           local _DATA_Process_2 db 2 dup(?)	; 2,0
            00
            ]
 259  0002              #pragma debug pointer 44 8 7
 259  0002              #pragma debug pointer 44 8 7
 259  0002              #pragma debug variable 44 7 _DATA_Process_2+0 "FIFO"
 261  0002              #line 261 "c:\users\user\documents\htk_project\qbell_doorbell_mb_v1_2_f9\hal_rf.c"
 261  0000  0F00     R  	mov a,low offset _LC7
 261  0001  0080     E  	mov _uart_printf_2[0],a
 261  0002  0F00     R  	mov a,high offset _LC7
 261  0003  0080     E  	mov _uart_printf_2[1],a
 261  0004  2000     E  	call _uart_printf
 263  0005              #line 263 "c:\users\user\documents\htk_project\qbell_doorbell_mb_v1_2_f9\hal_rf.c"
 263  0005  0700     E  	mov a,_intF[2]
 263  0006  0080     E  	mov _intF[17],a
 263  0007  1F00     E  	clr rb
"File: hal_rf.c      Assembler  Version HGASM0202      Page 10

 263  0008  1F00     E  	clr rc
 263  0009              _L43:
 272  0009              #line 272 "c:\users\user\documents\htk_project\qbell_doorbell_mb_v1_2_f9\hal_rf.c"
 272  0009  1480     R  	inc _DATA_Process_2[0]
 272  000A  3D0A        	sz z
 272  000B  1480     R  	inc _DATA_Process_2[1]
 273  000C              #line 273 "c:\users\user\documents\htk_project\qbell_doorbell_mb_v1_2_f9\hal_rf.c"
 273  000C  0F00     E  	mov a,low (offset _intF+13)
 273  000D  0300     E  	add a,rb
 273  000E  0083        	mov mp,a
 273  000F  0F00     E  	mov a,high (offset _intF+13)
 273  0010  1300     E  	adc a,rc
 273  0011  0084        	mov sbp,a
 273  0012  2000     E  	call _Crom2Prom
 273  0013  0080     E  	mov ra,a
 273  0014  0700     R  	mov a,_DATA_Process_2[0]
 273  0015  0083        	mov mp,a
 273  0016  0700     R  	mov a,_DATA_Process_2[1]
 273  0017  0084        	mov sbp,a
 273  0018  0700     E  	mov a,ra
 273  0019  0082        	mov ir,a
 273  001A  1480     E  	inc rb
 273  001B  3D0A        	sz z
 273  001C  1480     E  	inc rc
 269  001D              #line 269 "c:\users\user\documents\htk_project\qbell_doorbell_mb_v1_2_f9\hal_rf.c"
 269  001D  0700     E  	mov a,rb
 269  001E  0C0A        	xor a,10
 269  001F  0500     E  	or a,rc
 269  0020  390A        	snz z
 269  0021  2800     R  	jmp _L43
 283  0022              #line 283 "c:\users\user\documents\htk_project\qbell_doorbell_mb_v1_2_f9\hal_rf.c"
 283  0022  0F00     R  	mov a,low offset _LC6
 283  0023  0080     E  	mov _uart_printf_2[0],a
 283  0024  0F00     R  	mov a,high offset _LC6
 283  0025  0080     E  	mov _uart_printf_2[1],a
 283  0026  2000     E  	call _uart_printf
 283  0027  0003        	ret
 283  0028              _DATA_Process endp
 283  0028              #line 283 "c:\users\user\documents\htk_project\qbell_doorbell_mb_v1_2_f9\hal_rf.c"
 283  0028              #pragma debug scope 1 1
 283  006C              @crom	.section 'crom'
 283  006C              _LC8:
 283  006C              	db 053h,065h,06eh,064h,069h,06eh,067h,020h,044h,06fh
 283  0071              	db 06fh,072h,062h,065h,06ch,06ch,020h,04eh,06fh,074h
 283  0076              	db 069h,066h,069h,063h,061h,074h,069h,06fh,06eh,0ah
 283  007B              	db 00h
 283  007B              @crom	.section 'crom'
 283  007B              _LC9:
 283  007B              	db 053h,065h,06eh,064h,069h,06eh,067h,020h,050h,061h
 283  0080              	db 069h,072h,069h,06eh,067h,020h,052h,065h,071h,075h
 283  0085              	db 065h,073h,074h,0ah,00h
 283  0088              @crom	.section 'crom'
 283  0088              _LC10:
 283  0088              	db 053h,065h,06eh,064h,069h,06eh,067h,020h,055h,06eh
 283  008D              	db 070h,061h,069h,072h,069h,06eh,067h,020h,052h,065h
 283  0092              	db 071h,075h,065h,073h,074h,0ah,00h
 283  0095              @crom	.section 'crom'
 283  0095              _LC11:
 283  0095              	db 053h,065h,06eh,064h,069h,06eh,067h,020h,050h,061h
 283  009A              	db 069h,072h,069h,06eh,067h,020h,043h,06fh,06eh,066h
"File: hal_rf.c      Assembler  Version HGASM0202      Page 11

 283  009F              	db 069h,072h,06dh,061h,074h,069h,06fh,06eh,020h,052h
 283  00A4              	db 065h,071h,075h,065h,073h,074h,0ah,00h
 283  00A8              @crom	.section 'crom'
 283  00A8              _LC12:
 283  00A8              	db 053h,065h,06eh,064h,069h,06eh,067h,020h,055h,06eh
 283  00AD              	db 070h,061h,069h,072h,069h,06eh,067h,020h,043h,06fh
 283  00B2              	db 06eh,066h,069h,072h,06dh,061h,074h,069h,06fh,06eh
 283  00B7              	db 020h,052h,065h,071h,075h,065h,073h,074h,0ah,00h
 283  00BC              public _KEY_Process
 283  00BC              #pragma debug scope 8 1
 104  00BC              #line 104 "c:\users\user\documents\htk_project\qbell_doorbell_mb_v1_2_f9\hal_rf.c"
 104  0000              _KEY_Process .section 'code'
 104  0000              _KEY_Process proc
 104  0000              public _KEY_Process_2
 104  0000  0002[           local _KEY_Process_2 db 2 dup(?)	; 1,1
            00
            ]
 104  0000  0080     E  	mov ra,a
 104  0001              #pragma debug variable 8 8 _KEY_Process_2+1 "key_status"
 104  0001              #pragma debug variable 8 8 _KEY_Process_2+0 "battLevel"
 105  0001              #line 105 "c:\users\user\documents\htk_project\qbell_doorbell_mb_v1_2_f9\hal_rf.c"
 105  0001  0700     E  	mov a,ra
 105  0002  0A01        	sub a,1
 105  0003  3D0A        	sz z
 105  0004  2800     R  	jmp _L46
 105  0005  0A01        	sub a,(2)-(1)
 105  0006  3D0A        	sz z
 105  0007  2800     R  	jmp _L47
 105  0008              #line 105 "c:\users\user\documents\htk_project\qbell_doorbell_mb_v1_2_f9\hal_rf.c"
 105  0008  0700     E  	mov a,ra
 105  0009  0A03        	sub a,3
 105  000A  3D0A        	sz z
 105  000B  2800     R  	jmp _L48
 105  000C  0A01        	sub a,(4)-(3)
 105  000D  3D0A        	sz z
 105  000E  2800     R  	jmp _L49
 105  000F  0700     E  	mov a,ra
 105  0010  0A05        	sub a,5
 105  0011  390A        	snz z
 105  0012  2800     R  	jmp _L44
 140  0013              #line 140 "c:\users\user\documents\htk_project\qbell_doorbell_mb_v1_2_f9\hal_rf.c"
 140  0013  0F05        	mov a,5
 140  0014  0080     E  	mov _RF_TXFIFO[0],a
 141  0015              #line 141 "c:\users\user\documents\htk_project\qbell_doorbell_mb_v1_2_f9\hal_rf.c"
 141  0015  0F00     R  	mov a,low offset _LC12
 141  0016  0080     E  	mov _uart_printf_2[0],a
 141  0017  0F00     R  	mov a,high offset _LC12
 141  0018  0080     E  	mov _uart_printf_2[1],a
 141  0019  2800     R  	jmp _L51
 141  001A              _L46:
 108  001A              #line 108 "c:\users\user\documents\htk_project\qbell_doorbell_mb_v1_2_f9\hal_rf.c"
 108  001A  0F01        	mov a,1
 108  001B  0080     E  	mov _RF_TXFIFO[0],a
 109  001C              #line 109 "c:\users\user\documents\htk_project\qbell_doorbell_mb_v1_2_f9\hal_rf.c"
 109  001C  0F00     R  	mov a,low offset _LC8
 109  001D  0080     E  	mov _uart_printf_2[0],a
 109  001E  0F00     R  	mov a,high offset _LC8
 109  001F  0080     E  	mov _uart_printf_2[1],a
 109  0020  2800     R  	jmp _L51
 109  0021              _L47:
"File: hal_rf.c      Assembler  Version HGASM0202      Page 12

 116  0021              #line 116 "c:\users\user\documents\htk_project\qbell_doorbell_mb_v1_2_f9\hal_rf.c"
 116  0021  0F02        	mov a,2
 116  0022  0080     E  	mov _RF_TXFIFO[0],a
 117  0023              #line 117 "c:\users\user\documents\htk_project\qbell_doorbell_mb_v1_2_f9\hal_rf.c"
 117  0023  0F00     R  	mov a,low offset _LC9
 117  0024  0080     E  	mov _uart_printf_2[0],a
 117  0025  0F00     R  	mov a,high offset _LC9
 117  0026  0080     E  	mov _uart_printf_2[1],a
 117  0027  2800     R  	jmp _L51
 117  0028              _L48:
 124  0028              #line 124 "c:\users\user\documents\htk_project\qbell_doorbell_mb_v1_2_f9\hal_rf.c"
 124  0028  0F03        	mov a,3
 124  0029  0080     E  	mov _RF_TXFIFO[0],a
 125  002A              #line 125 "c:\users\user\documents\htk_project\qbell_doorbell_mb_v1_2_f9\hal_rf.c"
 125  002A  0F00     R  	mov a,low offset _LC10
 125  002B  0080     E  	mov _uart_printf_2[0],a
 125  002C  0F00     R  	mov a,high offset _LC10
 125  002D  0080     E  	mov _uart_printf_2[1],a
 125  002E  2800     R  	jmp _L51
 125  002F              _L49:
 132  002F              #line 132 "c:\users\user\documents\htk_project\qbell_doorbell_mb_v1_2_f9\hal_rf.c"
 132  002F  0F04        	mov a,4
 132  0030  0080     E  	mov _RF_TXFIFO[0],a
 133  0031              #line 133 "c:\users\user\documents\htk_project\qbell_doorbell_mb_v1_2_f9\hal_rf.c"
 133  0031  0F00     R  	mov a,low offset _LC11
 133  0032  0080     E  	mov _uart_printf_2[0],a
 133  0033  0F00     R  	mov a,high offset _LC11
 133  0034  0080     E  	mov _uart_printf_2[1],a
 133  0035              _L51:
 141  0035              #line 141 "c:\users\user\documents\htk_project\qbell_doorbell_mb_v1_2_f9\hal_rf.c"
 141  0035  2000     E  	call _uart_printf
 142  0036              #line 142 "c:\users\user\documents\htk_project\qbell_doorbell_mb_v1_2_f9\hal_rf.c"
 142  0036  0F00     E  	mov a,low offset _RF_TXFIFO
 142  0037  0080     R  	mov _DATA_Process_2[0],a
 142  0038  0F00     E  	mov a,high offset _RF_TXFIFO
 142  0039  0080     R  	mov _DATA_Process_2[1],a
 142  003A  2000     R  	call _DATA_Process
 143  003B              #line 143 "c:\users\user\documents\htk_project\qbell_doorbell_mb_v1_2_f9\hal_rf.c"
 143  003B  1F00     E  	clr _BC3602_T[1]
 144  003C              #line 144 "c:\users\user\documents\htk_project\qbell_doorbell_mb_v1_2_f9\hal_rf.c"
 144  003C  0F04        	mov a,4
 144  003D  0080     E  	mov _BC3602_T[0],a
 144  003E              _L44:
 144  003E  0003        	ret
 144  003F              _KEY_Process endp
 144  003F              #line 144 "c:\users\user\documents\htk_project\qbell_doorbell_mb_v1_2_f9\hal_rf.c"
 144  003F              #pragma debug scope 1 1
 144  003F              public _RF_Process
 144  003F              #pragma debug scope 9 1
  80  003F              #line 80 "c:\users\user\documents\htk_project\qbell_doorbell_mb_v1_2_f9\hal_rf.c"
  80  0000              _RF_Process .section 'code'
  80  0000              _RF_Process proc
  81  0000              #line 81 "c:\users\user\documents\htk_project\qbell_doorbell_mb_v1_2_f9\hal_rf.c"
  81  0000              ;# 81 "c:\users\user\documents\htk_project\qbell_doorbell_mb_v1_2_f9\hal_rf.c" 1
  81  0000  0001        	clr wdt
  83  0001              #line 83 "c:\users\user\documents\htk_project\qbell_doorbell_mb_v1_2_f9\hal_rf.c"
  83  0001  0700     R  	mov a,_Mflag[0]
  83  0002  0080     E  	mov ra,a
  83  0003  1E00     E  	snz ra
  83  0004  2800     R  	jmp _L52
"File: hal_rf.c      Assembler  Version HGASM0202      Page 13

  85  0005              #line 85 "c:\users\user\documents\htk_project\qbell_doorbell_mb_v1_2_f9\hal_rf.c"
  85  0005  0700     E  	mov a,_BC3602_T[0]
  85  0006  0A04        	sub a,4
  85  0007  3D0A        	sz z
  85  0008  2800     R  	jmp _L54
  87  0009              #line 87 "c:\users\user\documents\htk_project\qbell_doorbell_mb_v1_2_f9\hal_rf.c"
  87  0009  0700     E  	mov a,_intF[2]
  87  000A  0080     R  	mov _KEY_Process_2[0],a
  87  000B  0700     E  	mov a,ra
  87  000C  2000     R  	call _KEY_Process
  87  000D              _L54:
  89  000D              #line 89 "c:\users\user\documents\htk_project\qbell_doorbell_mb_v1_2_f9\hal_rf.c"
  89  000D  1F00     R  	clr _Mflag[0]
  89  000E              _L52:
  89  000E  0003        	ret
  89  000F              _RF_Process endp
  89  000F              #line 89 "c:\users\user\documents\htk_project\qbell_doorbell_mb_v1_2_f9\hal_rf.c"
  89  000F              #pragma debug scope 1 1
  89  000F              ___lvdc equ [24]
  89  000F              public _System_deepsleep
  89  000F              #pragma debug scope 10 1
 294  000F              #line 294 "c:\users\user\documents\htk_project\qbell_doorbell_mb_v1_2_f9\hal_rf.c"
 294  0000              _System_deepsleep .section 'code'
 294  0000              _System_deepsleep proc
 312  0000              #line 312 "c:\users\user\documents\htk_project\qbell_doorbell_mb_v1_2_f9\hal_rf.c"
 312  0000  3411        	clr [17].0
 313  0001              #line 313 "c:\users\user\documents\htk_project\qbell_doorbell_mb_v1_2_f9\hal_rf.c"
 313  0001  0FA8        	mov a,168
 313  0002  009A        	mov [26],a
 314  0003              #line 314 "c:\users\user\documents\htk_project\qbell_doorbell_mb_v1_2_f9\hal_rf.c"
 314  0003  3618        	clr [24].4
 315  0004              #line 315 "c:\users\user\documents\htk_project\qbell_doorbell_mb_v1_2_f9\hal_rf.c"
 315  0004  3499        	clr [25].1
 316  0005              #line 316 "c:\users\user\documents\htk_project\qbell_doorbell_mb_v1_2_f9\hal_rf.c"
 316  0005  3419        	clr [25].0
 317  0006              #line 317 "c:\users\user\documents\htk_project\qbell_doorbell_mb_v1_2_f9\hal_rf.c"
 317  0006              ;# 317 "c:\users\user\documents\htk_project\qbell_doorbell_mb_v1_2_f9\hal_rf.c" 1
 317  0006  0002        	halt
 317  0007  0003        	ret
 317  0008              _System_deepsleep endp
 317  0008              #line 317 "c:\users\user\documents\htk_project\qbell_doorbell_mb_v1_2_f9\hal_rf.c"
 317  0008              #pragma debug scope 1 1
 317  0008              public _TB0_proc
 317  0008              #pragma debug scope 11 1
 325  0008              #line 325 "c:\users\user\documents\htk_project\qbell_doorbell_mb_v1_2_f9\hal_rf.c"
 325  0000              @TB0_proc_code .section at 28 'code'
 325  0000              ifdef INTERRUPT_DELAY
 325  0000              	nop
 325  0000              endif
 325  0000  0080     E  	mov r1,a
 325  0001  070A        	mov a,status
 325  0002              ifndef INTERRUPT_DELAY
 325  0002  0080     E  	mov r2,a
 325  0003              endif
 325  0003  2800     R  	jmp _TB0_proc
 325  0004              #pragma debug scope 1 1
 325  0004              @dummy28 endp
 325  0004              #pragma debug scope 12 1
 325  0000              _TB0_proc .section 'code'
 325  0000              _TB0_proc proc
"File: hal_rf.c      Assembler  Version HGASM0202      Page 14

 325  0000              ifdef INTERRUPT_DELAY
 325  0000              	mov r2,a
 325  0000              endif
 328  0000              #line 328 "c:\users\user\documents\htk_project\qbell_doorbell_mb_v1_2_f9\hal_rf.c"
 328  0000  1480     R  	inc _Mflag[3]
 328  0001  0700     E  	mov a,r2
 328  0002  008A        	mov status,a
 328  0003  0700     E  	mov a,r1
 328  0004  0004        	reti
 328  0005              _TB0_proc endp
 328  0005              
 328  0005              #line 328 "c:\users\user\documents\htk_project\qbell_doorbell_mb_v1_2_f9\hal_rf.c"
 328  0005              #pragma debug scope 1 1
 328  0005              public _BC3602_pn9_dataM
 328  00BC              @crom	.section 'crom'
   9  00BC              #line 9 "c:\users\user\documents\htk_project\qbell_doorbell_mb_v1_2_f9\hal_rf.c"
   9  00BC              @crom	.section	'crom'
   9  00BC              _BC3602_pn9_dataM:
   9  00BC              #pragma debug array 45 8 5 1
   9  00BC              #pragma debug array 45 8 5 1
   9  00BC              #pragma debug variable 45 1 _BC3602_pn9_dataM "BC3602_pn9_dataM"
   9  00BC              	db 48
   9  00BD              	db 1
   9  00BD              	db 1
   9  00BE              	db 8
   9  00BE              	db 8
   3  00BF              #line 3 "c:\users\user\documents\htk_project\qbell_doorbell_mb_v1_2_f9\hal_rf.c"
   3  00BF              public _Mflag
   3  0000              @HCCINIT0_Mflag .section 'data'
   3  0000  0005[       _Mflag	db 5 dup(0)
            00
            ]
   3  0005              #pragma debug struct_end
   3  0005              #pragma debug struct_end
   3  0005              #pragma debug variable 46 1 _Mflag "Mflag"
   3  0005              
   3  0000              @HCCINIT .section 'data'
   3  0000              #pragma debug variable 8 1 ___mp1l "__mp1l" 1
   3  0000              #pragma debug variable 8 1 ___mp1h "__mp1h" 1
   3  0000              #pragma debug variable 8 1 ___tblp "__tblp" 1
   3  0000              #pragma debug struct_end
   3  0000              #pragma debug struct_end
   3  0000              #pragma debug union_end
   3  0000              #pragma debug union_end
   3  0000              #pragma debug variable 48 1 ___integ "__integ" 1
   3  0000              #pragma debug struct_end
   3  0000              #pragma debug struct_end
   3  0000              #pragma debug union_end
   3  0000              #pragma debug union_end
   3  0000              #pragma debug variable 50 1 ___intc0 "__intc0" 1
   3  0000              #pragma debug struct_end
   3  0000              #pragma debug struct_end
   3  0000              #pragma debug union_end
   3  0000              #pragma debug union_end
   3  0000              #pragma debug variable 52 1 ___intc1 "__intc1" 1
   3  0000              #pragma debug struct_end
   3  0000              #pragma debug struct_end
   3  0000              #pragma debug union_end
   3  0000              #pragma debug union_end
   3  0000              #pragma debug variable 54 1 ___pa "__pa" 1
"File: hal_rf.c      Assembler  Version HGASM0202      Page 15

   3  0000              #pragma debug struct_end
   3  0000              #pragma debug struct_end
   3  0000              #pragma debug union_end
   3  0000              #pragma debug union_end
   3  0000              #pragma debug variable 56 1 ___pac "__pac" 1
   3  0000              #pragma debug struct_end
   3  0000              #pragma debug struct_end
   3  0000              #pragma debug union_end
   3  0000              #pragma debug union_end
   3  0000              #pragma debug variable 58 1 ___papu "__papu" 1
   3  0000              #pragma debug struct_end
   3  0000              #pragma debug struct_end
   3  0000              #pragma debug union_end
   3  0000              #pragma debug union_end
   3  0000              #pragma debug variable 60 1 ___lvdc "__lvdc" 1
   3  0000              #pragma debug struct_end
   3  0000              #pragma debug struct_end
   3  0000              #pragma debug union_end
   3  0000              #pragma debug union_end
   3  0000              #pragma debug variable 62 1 ___scc "__scc" 1
   3  0000              #pragma debug struct_end
   3  0000              #pragma debug struct_end
   3  0000              #pragma debug union_end
   3  0000              #pragma debug union_end
   3  0000              #pragma debug variable 64 1 ___wdtc "__wdtc" 1
   3  0000              #pragma debug struct_end
   3  0000              #pragma debug struct_end
   3  0000              #pragma debug union_end
   3  0000              #pragma debug union_end
   3  0000              #pragma debug variable 66 1 ___tb0c "__tb0c" 1
   3  0000              #pragma debug struct_end
   3  0000              #pragma debug struct_end
   3  0000              #pragma debug union_end
   3  0000              #pragma debug union_end
   3  0000              #pragma debug variable 68 1 ___hircc "__hircc" 1
   3  0000              #pragma debug struct_end
   3  0000              #pragma debug struct_end
   3  0000              #pragma debug union_end
   3  0000              #pragma debug union_end
   3  0000              #pragma debug variable 70 1 ___pbpu "__pbpu" 1
   3  0000              #pragma debug struct_end
   3  0000              #pragma debug struct_end
   3  0000              #pragma debug union_end
   3  0000              #pragma debug union_end
   3  0000              #pragma debug variable 72 1 ___pcc "__pcc" 1
   3  0000              #pragma debug struct_end
   3  0000              #pragma debug struct_end
   3  0000              #pragma debug union_end
   3  0000              #pragma debug union_end
   3  0000              #pragma debug variable 74 1 ___pcpu "__pcpu" 1
   3  0000              #pragma debug struct_end
   3  0000              #pragma debug struct_end
   3  0000              #pragma debug union_end
   3  0000              #pragma debug union_end
   3  0000              #pragma debug variable 76 1 ___ifs "__ifs" 1
   3  0000              #pragma debug struct_end
   3  0000              #pragma debug struct_end
   3  0000              #pragma debug union_end
   3  0000              #pragma debug union_end
   3  0000              #pragma debug variable 78 1 ___pdc "__pdc" 1
"File: hal_rf.c      Assembler  Version HGASM0202      Page 16

   3  0000              #pragma debug struct_end
   3  0000              #pragma debug struct_end
   3  0000              #pragma debug union_end
   3  0000              #pragma debug union_end
   3  0000              #pragma debug variable 80 1 ___pdpu "__pdpu" 1
   3  0000              #pragma debug struct_end
   3  0000              #pragma debug struct_end
   3  0000              #pragma debug union_end
   3  0000              #pragma debug union_end
   3  0000              #pragma debug variable 82 1 ___psc0r "__psc0r" 1
   3  0000              #pragma debug variable 8 1 ___iar1 "__iar1" 1
   3  0000              
   3  0000              ; output external variables
   3  0000              extern _intF:byte
   3  0000              extern _RF_RXFIFO:byte
   3  0000              extern _RF_TXFIFO:byte
   3  0000              extern _BC3602_T:byte
   3  0000              extern r1:byte
   3  0000              extern r2:byte
   3  0000              extern _RF_Init:near
   3  0000              extern _RF_Parameter_loading:near
   3  0000              extern _uart_printf_2:byte
   3  0000              extern _uart_printf:near
   3  0000              
   3  0000              ; 
   3  0000              ; Generated by holtek-gcc v3.19, Sat Oct 29 17:39:44 2022
   3  0000              ; Rebuild 718
   3  0000              ; end of file


        0 Errors, 0