"File: hal_eeprom.c  Assembler  Version HGASM0202      Page 1


   1  0000              ; Generated by holtek-gcc v3.19, Sat Oct 29 17:39:45 2022
   2  0000              ; 
   3  0000              ; Configuration:
   4  0000              ;       with long instruction
   5  0000              ;       Single ROM, Multi-RAM
   6  0000              ;       bits_per_rom_unit:16
   7  0000              ;       with mp1
   8  0000              ;       with tbhp, address(0x9)
   9  0000              ;          Use tabrd-const
  10  0000              ;       
  11  0000              ; SFR address of long-instruction arch:
  12  0000              ;    mp0 = -1,1,0
  13  0000              ;    mp1 = 4,3,2
  14  0000              ;    mp2 = 14,13,12
  15  0000              ;    tbp = 9,7,8
  16  0000              ;    acc = 5
  17  0000              ;    pcl = 6
  18  0000              ;    status = 10
  19  0000              ;    bp = 11
  20  0000              ;    intc = 17
  21  0000              ;       
  22  0000              ;       
  23  0000              ; use 'tabrdc' instead of 'tabrd'
  24  0000              ;       
  25  0000              
  26  0000              #pragma translator "holtek-gcc 4.6.4" "3.19" "build 20130711"
  27  0000              ; Rebuild 718
  28  0000              
  29  0000              ir equ [2]
  30  0000              mp equ [3]
  31  0000              sbp equ [4]
  32  0000              acc equ [5]
  33  0000              bp equ [11]
  34  0000              tblp equ [7]
  35  0000              tbhp equ [9]
  36  0000              status equ [10]
  37  0000              c equ [10].0
  38  0000              ac equ [10].1
  39  0000              z equ [10].2
  40  0000              ov equ [10].3
  41  0000              cz equ [10].6
  42  0000              sc equ [10].7
  43  0000              intc equ [17]
  44  0000              
  45  0000              extern ra:byte
  46  0000              extern rb:byte
  47  0000              extern rc:byte
  48  0000              extern rd:byte
  49  0000              extern re:byte
  50  0000              extern rf:byte
  51  0000              extern rg:byte
  52  0000              extern rh:byte
  53  0000              extern _Crom2Prom:near
  54  0000              extern _Crom2PromNext:near
  55  0000              
  56  0000              RAMBANK 0 @BITDATASEC, @BITDATASEC1
  57  0000              @HCCINIT	.section 'data'
  58  0000              @HCCINIT0	.section 'data'
  59  0000              @BITDATASEC	 .section 'data'
"File: hal_eeprom.ASM  Assembler  Version HGASM0202      Page 2

  60  0000              @BITDATASEC1	 .section 'data'
  61  0000              
  62  0000              #pragma debug scope 1 1
  63  0000              	extern __DELAY3:near
  64  0000              	extern __DELAYX3:near
  65  0000              	extern __DELAYX6:near
  66  0000              	extern __DELAYY5:near
  67  0000              	extern __DELAYY3:near
  68  0000              	extern _builtin_holtek_delay_2:byte
  69  0000              ___eec equ [320]
  70  0000              ___mp1h equ [4]
  71  0000              public _eeprom_init
  72  0000              #pragma debug scope 2 1

   8  0000              #line 8 "c:\users\user\documents\htk_project\qbell_doorbell_mb_v1_2_f9\hal_eeprom.c"
   8  0000              _eeprom_init .section 'code'
   8  0000              _eeprom_init proc
   9  0000              #line 9 "c:\users\user\documents\htk_project\qbell_doorbell_mb_v1_2_f9\hal_eeprom.c"
   9  0000  B540 0001   	lclr [320].2
  10  0002              #line 10 "c:\users\user\documents\htk_project\qbell_doorbell_mb_v1_2_f9\hal_eeprom.c"
  10  0002  1F04        	clr [4]
  10  0003  0003        	ret
  10  0004              _eeprom_init endp
  10  0004              #line 10 "c:\users\user\documents\htk_project\qbell_doorbell_mb_v1_2_f9\hal_eeprom.c"
  10  0004              #pragma debug scope 1 1
  10  0004              ___intc0 equ [17]
  10  0004              ___eea equ [30]
  10  0004              ___eed equ [31]
  10  0004              ___mp1l equ [3]
  10  0004              ___iar1 equ [2]
  10  0004              public _eeprom_write
  10  0004              #pragma debug scope 3 1
  14  0004              #line 14 "c:\users\user\documents\htk_project\qbell_doorbell_mb_v1_2_f9\hal_eeprom.c"
  14  0000              _eeprom_write .section 'code'
  14  0000              _eeprom_write proc
  14  0000              public _eeprom_write_2
  14  0000  0002[           local _eeprom_write_2 db 2 dup(?)	; 1,1
            00
            ]
  14  0000  0080     R  	mov _eeprom_write_2[1],a
  14  0001              #pragma debug variable 8 3 _eeprom_write_2+1 "addrC"
  14  0001              #pragma debug variable 8 3 _eeprom_write_2+0 "byteValue"
  44  0001              #line 44 "c:\users\user\documents\htk_project\qbell_doorbell_mb_v1_2_f9\hal_eeprom.c"
  44  0001  0711        	mov a,[17]
  44  0002  0E01        	and a,1
  44  0003  0080     E  	mov ra,a
  45  0004              #line 45 "c:\users\user\documents\htk_project\qbell_doorbell_mb_v1_2_f9\hal_eeprom.c"
  45  0004  3411        	clr [17].0
  47  0005              #line 47 "c:\users\user\documents\htk_project\qbell_doorbell_mb_v1_2_f9\hal_eeprom.c"
  47  0005  0700     R  	mov a,_eeprom_write_2[1]
  47  0006  009E        	mov [30],a
  48  0007              #line 48 "c:\users\user\documents\htk_project\qbell_doorbell_mb_v1_2_f9\hal_eeprom.c"
  48  0007  0700     R  	mov a,_eeprom_write_2[0]
  48  0008  009F        	mov [31],a
  49  0009              #line 49 "c:\users\user\documents\htk_project\qbell_doorbell_mb_v1_2_f9\hal_eeprom.c"
  49  0009  0F40        	mov a,64
  49  000A  0083        	mov [3],a
  50  000B              #line 50 "c:\users\user\documents\htk_project\qbell_doorbell_mb_v1_2_f9\hal_eeprom.c"
  50  000B  0F01        	mov a,1
  50  000C  0084        	mov [4],a
"File: hal_eeprom.c  Assembler  Version HGASM0202      Page 3

  53  000D              #line 53 "c:\users\user\documents\htk_project\qbell_doorbell_mb_v1_2_f9\hal_eeprom.c"
  53  000D  3182        	set [2].3
  54  000E              #line 54 "c:\users\user\documents\htk_project\qbell_doorbell_mb_v1_2_f9\hal_eeprom.c"
  54  000E  3102        	set [2].2
  54  000F              _L4:
  56  000F              #line 56 "c:\users\user\documents\htk_project\qbell_doorbell_mb_v1_2_f9\hal_eeprom.c"
  56  000F  3D02        	sz [2].2
  56  0010  2800     R  	jmp _L4
  57  0011              #line 57 "c:\users\user\documents\htk_project\qbell_doorbell_mb_v1_2_f9\hal_eeprom.c"
  57  0011  3411        	clr [17].0
  57  0012  0700     E  	mov a,ra
  57  0013  0591        	orm a,[17]
  58  0014              #line 58 "c:\users\user\documents\htk_project\qbell_doorbell_mb_v1_2_f9\hal_eeprom.c"
  58  0014  1F02        	clr [2]
  59  0015              #line 59 "c:\users\user\documents\htk_project\qbell_doorbell_mb_v1_2_f9\hal_eeprom.c"
  59  0015  1F04        	clr [4]
  59  0016  0003        	ret
  59  0017              _eeprom_write endp
  59  0017              #line 59 "c:\users\user\documents\htk_project\qbell_doorbell_mb_v1_2_f9\hal_eeprom.c"
  59  0017              #pragma debug scope 1 1
  59  0017              public _eeprom_read
  59  0017              #pragma debug scope 4 1
  66  0017              #line 66 "c:\users\user\documents\htk_project\qbell_doorbell_mb_v1_2_f9\hal_eeprom.c"
  66  0000              _eeprom_read .section 'code'
  66  0000              _eeprom_read proc
  66  0000  0002[           local _eeprom_read_2 db 2 dup(?)	; 0,2
            00
            ]
  66  0000  0080     R  	mov _eeprom_read_2[0],a
  66  0001              #pragma debug variable 8 4 _eeprom_read_2+0 "addrV"
  90  0001              #line 90 "c:\users\user\documents\htk_project\qbell_doorbell_mb_v1_2_f9\hal_eeprom.c"
  90  0001  0711        	mov a,[17]
  90  0002  0E01        	and a,1
  90  0003  0080     R  	mov _eeprom_read_2[1],a
  91  0004              #line 91 "c:\users\user\documents\htk_project\qbell_doorbell_mb_v1_2_f9\hal_eeprom.c"
  91  0004  3411        	clr [17].0
  93  0005              #line 93 "c:\users\user\documents\htk_project\qbell_doorbell_mb_v1_2_f9\hal_eeprom.c"
  93  0005  0700     R  	mov a,_eeprom_read_2[0]
  93  0006  009E        	mov [30],a
  94  0007              #line 94 "c:\users\user\documents\htk_project\qbell_doorbell_mb_v1_2_f9\hal_eeprom.c"
  94  0007  0F40        	mov a,64
  94  0008  0083        	mov [3],a
  95  0009              #line 95 "c:\users\user\documents\htk_project\qbell_doorbell_mb_v1_2_f9\hal_eeprom.c"
  95  0009  0F01        	mov a,1
  95  000A  0084        	mov [4],a
  96  000B              #line 96 "c:\users\user\documents\htk_project\qbell_doorbell_mb_v1_2_f9\hal_eeprom.c"
  96  000B  0F0A        	mov a,10
  96  000C  0080     E  	mov _delay_2[0],a
  96  000D  1F00     E  	clr _delay_2[1]
  96  000E  2000     E  	call _delay
  99  000F              #line 99 "c:\users\user\documents\htk_project\qbell_doorbell_mb_v1_2_f9\hal_eeprom.c"
  99  000F  3082        	set [2].1
 100  0010              #line 100 "c:\users\user\documents\htk_project\qbell_doorbell_mb_v1_2_f9\hal_eeprom.c"
 100  0010  3002        	set [2].0
 100  0011              _L8:
 101  0011              #line 101 "c:\users\user\documents\htk_project\qbell_doorbell_mb_v1_2_f9\hal_eeprom.c"
 101  0011  3C02        	sz [2].0
 101  0012  2800     R  	jmp _L8
 102  0013              #line 102 "c:\users\user\documents\htk_project\qbell_doorbell_mb_v1_2_f9\hal_eeprom.c"
 102  0013  3411        	clr [17].0
"File: hal_eeprom.c  Assembler  Version HGASM0202      Page 4

 102  0014  0700     R  	mov a,_eeprom_read_2[1]
 102  0015  0591        	orm a,[17]
 103  0016              #line 103 "c:\users\user\documents\htk_project\qbell_doorbell_mb_v1_2_f9\hal_eeprom.c"
 103  0016  1F02        	clr [2]
 104  0017              #line 104 "c:\users\user\documents\htk_project\qbell_doorbell_mb_v1_2_f9\hal_eeprom.c"
 104  0017  1F04        	clr [4]
 105  0018              #line 105 "c:\users\user\documents\htk_project\qbell_doorbell_mb_v1_2_f9\hal_eeprom.c"
 105  0018  071F        	mov a,[31]
 105  0019  0080     E  	mov ra,a
 109  001A              #line 109 "c:\users\user\documents\htk_project\qbell_doorbell_mb_v1_2_f9\hal_eeprom.c"
 109  001A  0700     E  	mov a,ra
 109  001B  0003        	ret
 109  001C              _eeprom_read endp
 109  001C              #line 109 "c:\users\user\documents\htk_project\qbell_doorbell_mb_v1_2_f9\hal_eeprom.c"
 109  001C              #pragma debug scope 1 1
 109  001C              public _eepromDeviceAddrRead
 109  001C              #pragma debug scope 5 1
 113  001C              #line 113 "c:\users\user\documents\htk_project\qbell_doorbell_mb_v1_2_f9\hal_eeprom.c"
 113  0000              _eepromDeviceAddrRead .section 'code'
 113  0000              _eepromDeviceAddrRead proc
 113  0000  0002[           local _eepromDeviceAddrRead_2 db 2 dup(?)	; 0,2
            00
            ]
 113  0002              #pragma debug variable 8 5 _eepromDeviceAddrRead_2+0 "i"
 113  0000  0F04        	mov a,4
 113  0001  0080     R  	mov _eepromDeviceAddrRead_2[1],a
 115  0002              #line 115 "c:\users\user\documents\htk_project\qbell_doorbell_mb_v1_2_f9\hal_eeprom.c"
 115  0002  1F00     R  	clr _eepromDeviceAddrRead_2[0]
 115  0003              _L11:
 116  0003              #line 116 "c:\users\user\documents\htk_project\qbell_doorbell_mb_v1_2_f9\hal_eeprom.c"
 116  0003  0700     R  	mov a,_eepromDeviceAddrRead_2[0]
 116  0004  2000     R  	call _eeprom_read
 116  0005  0080     E  	mov ra,a
 116  0006  0F00     E  	mov a,low (offset _intF+13)
 116  0007  0300     R  	add a,_eepromDeviceAddrRead_2[0]
 116  0008  0083        	mov mp,a
 116  0009  0F00     E  	mov a,high (offset _intF+13)
 116  000A  1F04        	clr sbp
 116  000B  1384        	adcm a,sbp
 116  000C  0700     E  	mov a,ra
 116  000D  0082        	mov ir,a
 115  000E              #line 115 "c:\users\user\documents\htk_project\qbell_doorbell_mb_v1_2_f9\hal_eeprom.c"
 115  000E  1480     R  	inc _eepromDeviceAddrRead_2[0]
 115  000F  1780     R  	sdz _eepromDeviceAddrRead_2[1]
 115  0010  2800     R  	jmp _L11
 115  0011  0003        	ret
 115  0012              _eepromDeviceAddrRead endp
 115  0012              #line 115 "c:\users\user\documents\htk_project\qbell_doorbell_mb_v1_2_f9\hal_eeprom.c"
 115  0012              #pragma debug scope 1 1
 115  0000              @crom	.section 'crom'
 115  0000              _LC0:
 115  0000              	db 045h,045h,050h,052h,04fh,04dh,020h,044h,065h,076h
 115  0005              	db 069h,063h,065h,020h,041h,064h,064h,072h,065h,073h
 115  000A              	db 073h,020h,043h,06fh,070h,079h,020h,052h,065h,061h
 115  000F              	db 064h,020h,044h,06fh,06eh,065h,0ah,00h
 115  0013              public _eepromDeviceAddrCpyRead
 115  0013              #pragma debug scope 6 1
 121  0013              #line 121 "c:\users\user\documents\htk_project\qbell_doorbell_mb_v1_2_f9\hal_eeprom.c"
 121  0000              _eepromDeviceAddrCpyRead .section 'code'
 121  0000              _eepromDeviceAddrCpyRead proc
"File: hal_eeprom.c  Assembler  Version HGASM0202      Page 5

 121  0000  0002[           local _eepromDeviceAddrCpyRead_2 db 2 dup(?)	; 0,2
            00
            ]
 121  0002              #pragma debug variable 8 6 _eepromDeviceAddrCpyRead_2+0 "i"
 121  0000  0F04        	mov a,4
 121  0001  0080     R  	mov _eepromDeviceAddrCpyRead_2[1],a
 123  0002              #line 123 "c:\users\user\documents\htk_project\qbell_doorbell_mb_v1_2_f9\hal_eeprom.c"
 123  0002  0F05        	mov a,5
 123  0003  0080     R  	mov _eepromDeviceAddrCpyRead_2[0],a
 123  0004              _L14:
 124  0004              #line 124 "c:\users\user\documents\htk_project\qbell_doorbell_mb_v1_2_f9\hal_eeprom.c"
 124  0004  0700     R  	mov a,_eepromDeviceAddrCpyRead_2[0]
 124  0005  2000     R  	call _eeprom_read
 124  0006  0080     E  	mov ra,a
 124  0007  0F00     E  	mov a,low (offset _intF+29)
 124  0008  0300     R  	add a,_eepromDeviceAddrCpyRead_2[0]
 124  0009  0083        	mov mp,a
 124  000A  0F00     E  	mov a,high (offset _intF+29)
 124  000B  1F04        	clr sbp
 124  000C  1384        	adcm a,sbp
 124  000D  0700     E  	mov a,ra
 124  000E  0082        	mov ir,a
 123  000F              #line 123 "c:\users\user\documents\htk_project\qbell_doorbell_mb_v1_2_f9\hal_eeprom.c"
 123  000F  1480     R  	inc _eepromDeviceAddrCpyRead_2[0]
 123  0010  1780     R  	sdz _eepromDeviceAddrCpyRead_2[1]
 123  0011  2800     R  	jmp _L14
 125  0012              #line 125 "c:\users\user\documents\htk_project\qbell_doorbell_mb_v1_2_f9\hal_eeprom.c"
 125  0012  0F00     R  	mov a,low offset _LC0
 125  0013  0080     E  	mov _uart_printf_2[0],a
 125  0014  0F00     R  	mov a,high offset _LC0
 125  0015  0080     E  	mov _uart_printf_2[1],a
 125  0016  2000     E  	call _uart_printf
 125  0017  0003        	ret
 125  0018              _eepromDeviceAddrCpyRead endp
 125  0018              #line 125 "c:\users\user\documents\htk_project\qbell_doorbell_mb_v1_2_f9\hal_eeprom.c"
 125  0018              #pragma debug scope 1 1
 125  0018              public _eepromDeviceAddrCpyAckRead
 125  0018              #pragma debug scope 7 1
 129  0018              #line 129 "c:\users\user\documents\htk_project\qbell_doorbell_mb_v1_2_f9\hal_eeprom.c"
 129  0000              _eepromDeviceAddrCpyAckRead .section 'code'
 129  0000              _eepromDeviceAddrCpyAckRead proc
 130  0000              #line 130 "c:\users\user\documents\htk_project\qbell_doorbell_mb_v1_2_f9\hal_eeprom.c"
 130  0000  0F04        	mov a,4
 130  0001  2000     R  	call _eeprom_read
 130  0002  0080     E  	mov ra,a
 130  0003  0700     E  	mov a,ra
 130  0004  0080     E  	mov _intF[33],a
 132  0005              #line 132 "c:\users\user\documents\htk_project\qbell_doorbell_mb_v1_2_f9\hal_eeprom.c"
 132  0005  0700     E  	mov a,ra
 132  0006  0003        	ret
 132  0007              _eepromDeviceAddrCpyAckRead endp
 132  0007              #line 132 "c:\users\user\documents\htk_project\qbell_doorbell_mb_v1_2_f9\hal_eeprom.c"
 132  0007              #pragma debug scope 1 1
 132  0013              @crom	.section 'crom'
 132  0013              _LC1:
 132  0013              	db 045h,045h,050h,052h,04fh,04dh,020h,044h,065h,076h
 132  0018              	db 069h,063h,065h,020h,041h,064h,064h,072h,065h,073h
 132  001D              	db 073h,020h,043h,06fh,070h,079h,020h,057h,072h,069h
 132  0022              	db 074h,065h,020h,044h,06fh,06eh,065h,0ah,00h
 132  0027              public _eepromDeviceAddrCpyWrite
"File: hal_eeprom.c  Assembler  Version HGASM0202      Page 6

 132  0027              #pragma debug scope 8 1
 135  0027              #line 135 "c:\users\user\documents\htk_project\qbell_doorbell_mb_v1_2_f9\hal_eeprom.c"
 135  0000              _eepromDeviceAddrCpyWrite .section 'code'
 135  0000              _eepromDeviceAddrCpyWrite proc
 135  0000  0002[           local _eepromDeviceAddrCpyWrite_2 db 2 dup(?)	; 0,2
            00
            ]
 135  0002              #pragma debug variable 8 8 _eepromDeviceAddrCpyWrite_2+0 "i"
 135  0000  0F05        	mov a,5
 135  0001  0080     R  	mov _eepromDeviceAddrCpyWrite_2[1],a
 137  0002              #line 137 "c:\users\user\documents\htk_project\qbell_doorbell_mb_v1_2_f9\hal_eeprom.c"
 137  0002  0F05        	mov a,5
 137  0003  0080     R  	mov _eepromDeviceAddrCpyWrite_2[0],a
 137  0004              _L18:
 138  0004              #line 138 "c:\users\user\documents\htk_project\qbell_doorbell_mb_v1_2_f9\hal_eeprom.c"
 138  0004  0F00     E  	mov a,low (offset _intF+8)
 138  0005  0300     R  	add a,_eepromDeviceAddrCpyWrite_2[0]
 138  0006  0083        	mov mp,a
 138  0007  0F00     E  	mov a,high (offset _intF+8)
 138  0008  1F04        	clr sbp
 138  0009  1384        	adcm a,sbp
 138  000A  2000     E  	call _Crom2Prom
 138  000B  0080     R  	mov _eeprom_write_2[0],a
 138  000C  0700     R  	mov a,_eepromDeviceAddrCpyWrite_2[0]
 138  000D  2000     R  	call _eeprom_write
 137  000E              #line 137 "c:\users\user\documents\htk_project\qbell_doorbell_mb_v1_2_f9\hal_eeprom.c"
 137  000E  1480     R  	inc _eepromDeviceAddrCpyWrite_2[0]
 137  000F  1780     R  	sdz _eepromDeviceAddrCpyWrite_2[1]
 137  0010  2800     R  	jmp _L18
 139  0011              #line 139 "c:\users\user\documents\htk_project\qbell_doorbell_mb_v1_2_f9\hal_eeprom.c"
 139  0011  0F00     R  	mov a,low offset _LC1
 139  0012  0080     E  	mov _uart_printf_2[0],a
 139  0013  0F00     R  	mov a,high offset _LC1
 139  0014  0080     E  	mov _uart_printf_2[1],a
 139  0015  2000     E  	call _uart_printf
 139  0016  0003        	ret
 139  0017              _eepromDeviceAddrCpyWrite endp
 139  0017              #line 139 "c:\users\user\documents\htk_project\qbell_doorbell_mb_v1_2_f9\hal_eeprom.c"
 139  0017              #pragma debug scope 1 1
 139  0027              @crom	.section 'crom'
 139  0027              _LC2:
 139  0027              	db 045h,045h,050h,052h,04fh,04dh,020h,044h,065h,076h
 139  002C              	db 069h,063h,065h,020h,041h,064h,064h,072h,065h,073h
 139  0031              	db 073h,020h,043h,06fh,070h,079h,020h,041h,063h,06bh
 139  0036              	db 020h,057h,072h,069h,074h,065h,020h,044h,06fh,06eh
 139  003B              	db 065h,0ah,00h
 139  003C              public _eepromDeviceAddrCpyAckWrite
 139  003C              #pragma debug scope 9 1
 143  003C              #line 143 "c:\users\user\documents\htk_project\qbell_doorbell_mb_v1_2_f9\hal_eeprom.c"
 143  0000              _eepromDeviceAddrCpyAckWrite .section 'code'
 143  0000              _eepromDeviceAddrCpyAckWrite proc
 143  0000  00              local _eepromDeviceAddrCpyAckWrite_2 db 1 dup(?)	; 0,1
 143  0000  0080     E  	mov ra,a
 143  0001              #pragma debug variable 8 9 _eepromDeviceAddrCpyAckWrite_2+0 "byteValue"
 144  0001              #line 144 "c:\users\user\documents\htk_project\qbell_doorbell_mb_v1_2_f9\hal_eeprom.c"
 144  0001  0700     E  	mov a,ra
 144  0002  0080     R  	mov _eeprom_write_2[0],a
 144  0003  0F04        	mov a,4
 144  0004  2000     R  	call _eeprom_write
 145  0005              #line 145 "c:\users\user\documents\htk_project\qbell_doorbell_mb_v1_2_f9\hal_eeprom.c"
"File: hal_eeprom.c  Assembler  Version HGASM0202      Page 7

 145  0005  0F00     R  	mov a,low offset _LC2
 145  0006  0080     E  	mov _uart_printf_2[0],a
 145  0007  0F00     R  	mov a,high offset _LC2
 145  0008  0080     E  	mov _uart_printf_2[1],a
 145  0009  2000     E  	call _uart_printf
 145  000A  0003        	ret
 145  000B              _eepromDeviceAddrCpyAckWrite endp
 145  000B              #line 145 "c:\users\user\documents\htk_project\qbell_doorbell_mb_v1_2_f9\hal_eeprom.c"
 145  000B              #pragma debug scope 1 1
 145  000B              #pragma debug variable 8 1 ___mp1l "__mp1l" 1
 145  000B              #pragma debug variable 8 1 ___mp1h "__mp1h" 1
 145  000B              #pragma debug struct_end
 145  000B              #pragma debug struct_end
 145  000B              #pragma debug union_end
 145  000B              #pragma debug union_end
 145  000B              #pragma debug variable 43 1 ___intc0 "__intc0" 1
 145  000B              #pragma debug struct_end
 145  000B              #pragma debug struct_end
 145  000B              #pragma debug union_end
 145  000B              #pragma debug union_end
 145  000B              #pragma debug variable 45 1 ___eea "__eea" 1
 145  000B              #pragma debug variable 8 1 ___eed "__eed" 1
 145  000B              #pragma debug struct_end
 145  000B              #pragma debug struct_end
 145  000B              #pragma debug union_end
 145  000B              #pragma debug union_end
 145  000B              #pragma debug variable 47 1 ___eec "__eec" 1
 145  000B              #pragma debug variable 8 1 ___iar1 "__iar1" 1
 145  000B              
 145  000B              ; output external variables
 145  000B              extern _intF:byte
 145  000B              extern _delay_2:byte
 145  000B              extern _delay:near
 145  000B              extern _uart_printf_2:byte
 145  000B              extern _uart_printf:near
 145  000B              
 145  000B              ; 
 145  000B              ; Generated by holtek-gcc v3.19, Sat Oct 29 17:39:45 2022
 145  000B              ; Rebuild 718
 145  000B              ; end of file


        0 Errors, 0