"File: RF_API.c      Assembler  Version HGASM0202      Page 1


   1  0000              ; Generated by holtek-gcc v3.19, Tue Oct 18 12:10:02 2022
   2  0000              ; 
   3  0000              ; Configuration:
   4  0000              ;       with long instruction
   5  0000              ;       Single ROM, Multi-RAM
   6  0000              ;       bits_per_rom_unit:16
   7  0000              ;       with mp1
   8  0000              ;       with tbhp, address(0x9)
   9  0000              ;          Use tabrd-const
  10  0000              ;       
  11  0000              ; SFR address of long-instruction arch:
  12  0000              ;    mp0 = -1,1,0
  13  0000              ;    mp1 = 4,3,2
  14  0000              ;    mp2 = 14,13,12
  15  0000              ;    tbp = 9,7,8
  16  0000              ;    acc = 5
  17  0000              ;    pcl = 6
  18  0000              ;    status = 10
  19  0000              ;    bp = 11
  20  0000              ;    intc = 17
  21  0000              ;       
  22  0000              ;       
  23  0000              ; use 'tabrdc' instead of 'tabrd'
  24  0000              ;       
  25  0000              
  26  0000              #pragma translator "holtek-gcc 4.6.4" "3.19" "build 20130711"
  27  0000              ; Rebuild 718
  28  0000              
  29  0000              ir equ [2]
  30  0000              mp equ [3]
  31  0000              sbp equ [4]
  32  0000              acc equ [5]
  33  0000              bp equ [11]
  34  0000              tblp equ [7]
  35  0000              tbhp equ [9]
  36  0000              status equ [10]
  37  0000              c equ [10].0
  38  0000              ac equ [10].1
  39  0000              z equ [10].2
  40  0000              ov equ [10].3
  41  0000              cz equ [10].6
  42  0000              sc equ [10].7
  43  0000              intc equ [17]
  44  0000              
  45  0000              extern ra:byte
  46  0000              extern rb:byte
  47  0000              extern rc:byte
  48  0000              extern rd:byte
  49  0000              extern re:byte
  50  0000              extern rf:byte
  51  0000              extern rg:byte
  52  0000              extern rh:byte
  53  0000              extern _Crom2Prom:near
  54  0000              extern _Crom2PromNext:near
  55  0000              
  56  0000              RAMBANK 0 @BITDATASEC, @BITDATASEC1
  57  0000              @HCCINIT	.section 'data'
  58  0000              @HCCINIT0	.section 'data'
  59  0000              @BITDATASEC	 .section 'data'
"File: RF_API.ASM    Assembler  Version HGASM0202      Page 2

  60  0000              @BITDATASEC1	 .section 'data'
  61  0000              
  62  0000              #pragma debug scope 1 1
  63  0000              	extern __DELAY3:near
  64  0000              	extern __DELAYX3:near
  65  0000              	extern __DELAYX6:near
  66  0000              	extern __DELAYY5:near
  67  0000              	extern __DELAYY3:near
  68  0000              	extern _builtin_holtek_delay_2:byte
  69  0000              public _RF_Parameter_loading
  70  0000              #pragma debug scope 2 1

  25  0000              #line 25 "c:\users\user\documents\htk_project\qbell_doorbell_mb_v1_2_f9\RF_API.c"
  25  0000              _RF_Parameter_loading .section 'code'
  25  0000              _RF_Parameter_loading proc
  25  0000  00              local _RF_Parameter_loading_2 db 1 dup(?)	; 0,1
  25  0001              #pragma debug variable 8 2 _RF_Parameter_loading_2+0 "mode_sts"
  27  0001              #line 27 "c:\users\user\documents\htk_project\qbell_doorbell_mb_v1_2_f9\RF_API.c"
  27  0000  0F0C        	mov a,12
  27  0001  2000     E  	call _SpiWriteStrobeCMD
  28  0002              #line 28 "c:\users\user\documents\htk_project\qbell_doorbell_mb_v1_2_f9\RF_API.c"
  28  0002  0700     R  	mov a,_BC3602_T[0]
  28  0003  0080     R  	mov _RF_Parameter_loading_2[0],a
  29  0004              #line 29 "c:\users\user\documents\htk_project\qbell_doorbell_mb_v1_2_f9\RF_API.c"
  29  0004  0F02        	mov a,2
  29  0005  0080     R  	mov _BC3602_T[0],a
  30  0006              #line 30 "c:\users\user\documents\htk_project\qbell_doorbell_mb_v1_2_f9\RF_API.c"
  30  0006  0F04        	mov a,4
  30  0007  0080     R  	mov _BC3602_T[5],a
  32  0008              #line 32 "c:\users\user\documents\htk_project\qbell_doorbell_mb_v1_2_f9\RF_API.c"
  32  0008  0F00     R  	mov a,low offset _syncword
  32  0009  0080     E  	mov _RFReadBuf2_2[1],a
  32  000A  0F00     R  	mov a,high offset _syncword
  32  000B  0080     E  	mov _RFReadBuf2_2[2],a
  32  000C  0F04        	mov a,4
  32  000D  0080     E  	mov _RFReadBuf2_2[0],a
  32  000E  0F90        	mov a,144
  32  000F  2000     E  	call _RFReadBuf2
  33  0010              #line 33 "c:\users\user\documents\htk_project\qbell_doorbell_mb_v1_2_f9\RF_API.c"
  33  0010  0F00     R  	mov a,low offset _syncword
  33  0011  0080     R  	mov _BC3602_T[3],a
  33  0012  0F00     R  	mov a,high offset _syncword
  33  0013  0080     R  	mov _BC3602_T[4],a
  35  0014              #line 35 "c:\users\user\documents\htk_project\qbell_doorbell_mb_v1_2_f9\RF_API.c"
  35  0014  0F02        	mov a,2
  35  0015  0080     R  	mov _BC3602_T[7],a
  36  0016              #line 36 "c:\users\user\documents\htk_project\qbell_doorbell_mb_v1_2_f9\RF_API.c"
  36  0016  0F02        	mov a,2
  36  0017  0080     R  	mov _BC3602_T[8],a
  38  0018              #line 38 "c:\users\user\documents\htk_project\qbell_doorbell_mb_v1_2_f9\RF_API.c"
  38  0018  0F04        	mov a,4
  38  0019  2000     E  	call _SpiReadRegCMD
  38  001A  0080     E  	mov ra,a
  38  001B  0700     E  	mov a,ra
  38  001C  0080     R  	mov _BC3602_T[6],a
  40  001D              #line 40 "c:\users\user\documents\htk_project\qbell_doorbell_mb_v1_2_f9\RF_API.c"
  40  001D  0F0B        	mov a,11
  40  001E  2000     E  	call _SpiReadRegCMD
  40  001F  0080     E  	mov ra,a
  40  0020  0700     E  	mov a,ra
"File: RF_API.c      Assembler  Version HGASM0202      Page 3

  40  0021  0080     R  	mov _BC3602_T[9],a
  41  0022              #line 41 "c:\users\user\documents\htk_project\qbell_doorbell_mb_v1_2_f9\RF_API.c"
  41  0022  0F0F        	mov a,15
  41  0023  2000     E  	call _SpiReadRegCMD
  41  0024  0080     E  	mov ra,a
  41  0025  0700     E  	mov a,ra
  41  0026  0080     R  	mov _BC3602_T[10],a
  41  0027  1F00     R  	clr _BC3602_T[11]
  42  0028              #line 42 "c:\users\user\documents\htk_project\qbell_doorbell_mb_v1_2_f9\RF_API.c"
  42  0028  0F00     E  	mov a,low offset _RF_TXFIFO
  42  0029  0080     R  	mov _BC3602_T[12],a
  42  002A  0F00     E  	mov a,high offset _RF_TXFIFO
  42  002B  0080     R  	mov _BC3602_T[13],a
  44  002C              #line 44 "c:\users\user\documents\htk_project\qbell_doorbell_mb_v1_2_f9\RF_API.c"
  44  002C  0F0C        	mov a,12
  44  002D  2000     E  	call _SpiReadRegCMD
  44  002E  0080     E  	mov ra,a
  44  002F  0700     E  	mov a,ra
  44  0030  0E03        	and a,3
  44  0031  0080     R  	mov _BC3602_T[16],a
  45  0032              #line 45 "c:\users\user\documents\htk_project\qbell_doorbell_mb_v1_2_f9\RF_API.c"
  45  0032  0700     R  	mov a,_BC3602_T[10]
  45  0033  0080     R  	mov _BC3602_T[17],a
  45  0034  0700     R  	mov a,_BC3602_T[11]
  45  0035  0080     R  	mov _BC3602_T[18],a
  46  0036              #line 46 "c:\users\user\documents\htk_project\qbell_doorbell_mb_v1_2_f9\RF_API.c"
  46  0036  1F00     R  	clr _BC3602_T[19]
  46  0037  1F00     R  	clr _BC3602_T[20]
  47  0038              #line 47 "c:\users\user\documents\htk_project\qbell_doorbell_mb_v1_2_f9\RF_API.c"
  47  0038  0F00     E  	mov a,low offset _RF_RXFIFO
  47  0039  0080     R  	mov _BC3602_T[21],a
  47  003A  0F00     E  	mov a,high offset _RF_RXFIFO
  47  003B  0080     R  	mov _BC3602_T[22],a
  50  003C              #line 50 "c:\users\user\documents\htk_project\qbell_doorbell_mb_v1_2_f9\RF_API.c"
  50  003C  0700     R  	mov a,_RF_Parameter_loading_2[0]
  50  003D  0080     R  	mov _BC3602_T[0],a
  50  003E  0003        	ret
  50  003F              _RF_Parameter_loading endp
  50  003F              #line 50 "c:\users\user\documents\htk_project\qbell_doorbell_mb_v1_2_f9\RF_API.c"
  50  003F              #pragma debug scope 1 1
  50  003F              ___pa equ [20]
  50  003F              public _ExtendFIFO_TX_Process
  50  003F              #pragma debug scope 3 1
 201  003F              #line 201 "c:\users\user\documents\htk_project\qbell_doorbell_mb_v1_2_f9\RF_API.c"
 201  0000              _ExtendFIFO_TX_Process .section 'code'
 201  0000              _ExtendFIFO_TX_Process proc
 201  0000              public _ExtendFIFO_TX_Process_2
 201  0000  0003[           local _ExtendFIFO_TX_Process_2 db 3 dup(?)	; 2,1
            00
            ]
 201  0003              #pragma debug struct_end
 201  0003              #pragma debug struct_end
 201  0003              #pragma debug pointer 43 42 3
 201  0003              #pragma debug pointer 43 42 3
 201  0003              #pragma debug variable 43 3 _ExtendFIFO_TX_Process_2+0 "BC3602_T"
 205  0003              #line 205 "c:\users\user\documents\htk_project\qbell_doorbell_mb_v1_2_f9\RF_API.c"
 205  0000  0F01        	mov a,1
 205  0001  0300     R  	add a,_ExtendFIFO_TX_Process_2[0]
 205  0002  0083        	mov mp,a
 205  0003  0F00        	mov a,0
"File: RF_API.c      Assembler  Version HGASM0202      Page 4

 205  0004  1300     R  	adc a,_ExtendFIFO_TX_Process_2[1]
 205  0005  0084        	mov sbp,a
 205  0006  2000     E  	call _Crom2Prom
 205  0007  0080     R  	mov _ExtendFIFO_TX_Process_2[2],a
 205  0008  1E00     R  	snz _ExtendFIFO_TX_Process_2[2]
 205  0009  2800     R  	jmp _L4
 205  000A              #line 205 "c:\users\user\documents\htk_project\qbell_doorbell_mb_v1_2_f9\RF_API.c"
 205  000A  1700     R  	sdza _ExtendFIFO_TX_Process_2[2]
 205  000B  2800     R  	jmp _L2
 205  000C  2800     R  	jmp _L20
 205  000D              _L4:
 208  000D              #line 208 "c:\users\user\documents\htk_project\qbell_doorbell_mb_v1_2_f9\RF_API.c"
 208  000D  0F0C        	mov a,12
 208  000E  2000     E  	call _SpiWriteStrobeCMD
 209  000F              #line 209 "c:\users\user\documents\htk_project\qbell_doorbell_mb_v1_2_f9\RF_API.c"
 209  000F  0700     R  	mov a,_ExtendFIFO_TX_Process_2[0]
 209  0010  0083        	mov mp,a
 209  0011  0700     R  	mov a,_ExtendFIFO_TX_Process_2[1]
 209  0012  0084        	mov sbp,a
 209  0013  0F02        	mov a,2
 209  0014  0082        	mov ir,a
 210  0015              #line 210 "c:\users\user\documents\htk_project\qbell_doorbell_mb_v1_2_f9\RF_API.c"
 210  0015  2000     E  	call _Extend_FIFO_Enable
 211  0016              #line 211 "c:\users\user\documents\htk_project\qbell_doorbell_mb_v1_2_f9\RF_API.c"
 211  0016  0F2B        	mov a,43
 211  0017  2000     E  	call _SpiReadRegCMD
 211  0018  0080     E  	mov ra,a
 212  0019              #line 212 "c:\users\user\documents\htk_project\qbell_doorbell_mb_v1_2_f9\RF_API.c"
 212  0019  3400     E  	clr ra.0
 212  001A  0700     E  	mov a,ra
 212  001B  0080     E  	mov _SpiWriteRegCMD_2[0],a
 212  001C  0F2B        	mov a,43
 212  001D  2000     E  	call _SpiWriteRegCMD
 214  001E              #line 214 "c:\users\user\documents\htk_project\qbell_doorbell_mb_v1_2_f9\RF_API.c"
 214  001E  0F09        	mov a,9
 214  001F  0300     R  	add a,_ExtendFIFO_TX_Process_2[0]
 214  0020  0083        	mov mp,a
 214  0021  0F00        	mov a,0
 214  0022  1300     R  	adc a,_ExtendFIFO_TX_Process_2[1]
 214  0023  0084        	mov sbp,a
 214  0024  2000     E  	call _Crom2Prom
 214  0025  0080     E  	mov _SpiWriteRegCMD_2[0],a
 214  0026  0F0B        	mov a,11
 214  0027  2000     E  	call _SpiWriteRegCMD
 215  0028              #line 215 "c:\users\user\documents\htk_project\qbell_doorbell_mb_v1_2_f9\RF_API.c"
 215  0028  0F0A        	mov a,10
 215  0029  0300     R  	add a,_ExtendFIFO_TX_Process_2[0]
 215  002A  0083        	mov mp,a
 215  002B  0F00        	mov a,0
 215  002C  1300     R  	adc a,_ExtendFIFO_TX_Process_2[1]
 215  002D  0084        	mov sbp,a
 215  002E  2000     E  	call _Crom2Prom
 215  002F  0080     R  	mov _ExtendFIFO_TX_Process_2[2],a
 216  0030              #line 216 "c:\users\user\documents\htk_project\qbell_doorbell_mb_v1_2_f9\RF_API.c"
 216  0030  0F09        	mov a,9
 216  0031  2000     E  	call _SpiWriteStrobeCMD
 217  0032              #line 217 "c:\users\user\documents\htk_project\qbell_doorbell_mb_v1_2_f9\RF_API.c"
 217  0032  1F00     E  	clr _SpiWriteRegCMD_2[0]
 217  0033  0F09        	mov a,9
 217  0034  2000     E  	call _SpiWriteRegCMD
"File: RF_API.c      Assembler  Version HGASM0202      Page 5

 218  0035              #line 218 "c:\users\user\documents\htk_project\qbell_doorbell_mb_v1_2_f9\RF_API.c"
 218  0035  0F0A        	mov a,10
 218  0036  0300     R  	add a,_ExtendFIFO_TX_Process_2[0]
 218  0037  0083        	mov mp,a
 218  0038  0F00        	mov a,0
 218  0039  1300     R  	adc a,_ExtendFIFO_TX_Process_2[1]
 218  003A  0084        	mov sbp,a
 218  003B  2000     E  	call _Crom2Prom
 218  003C  0080     E  	mov _SpiWriteRegCMD_2[0],a
 218  003D  0F0F        	mov a,15
 218  003E  2000     E  	call _SpiWriteRegCMD
 219  003F              #line 219 "c:\users\user\documents\htk_project\qbell_doorbell_mb_v1_2_f9\RF_API.c"
 219  003F  0F0A        	mov a,10
 219  0040  0200     R  	sub a,_ExtendFIFO_TX_Process_2[2]
 219  0041  3C0A        	sz c
 219  0042  2800     R  	jmp _L6
 221  0043              #line 221 "c:\users\user\documents\htk_project\qbell_doorbell_mb_v1_2_f9\RF_API.c"
 221  0043  0F19        	mov a,25
 221  0044  0080     R  	mov _ExtendFIFO_TX_Process_2[2],a
 221  0045              _L6:
 228  0045              #line 228 "c:\users\user\documents\htk_project\qbell_doorbell_mb_v1_2_f9\RF_API.c"
 228  0045  0F0C        	mov a,12
 228  0046  0300     R  	add a,_ExtendFIFO_TX_Process_2[0]
 228  0047  0083        	mov mp,a
 228  0048  0F00        	mov a,0
 228  0049  1300     R  	adc a,_ExtendFIFO_TX_Process_2[1]
 228  004A  0084        	mov sbp,a
 228  004B  2000     E  	call _Crom2Prom
 228  004C  0080     E  	mov _RFWriteBuf2_2[1],a
 228  004D  2000     E  	call _Crom2PromNext
 228  004E  0080     E  	mov _RFWriteBuf2_2[2],a
 228  004F  0700     R  	mov a,_ExtendFIFO_TX_Process_2[2]
 228  0050  0080     E  	mov _RFWriteBuf2_2[0],a
 228  0051  0F11        	mov a,17
 228  0052  2000     E  	call _RFWriteBuf2
 229  0053              #line 229 "c:\users\user\documents\htk_project\qbell_doorbell_mb_v1_2_f9\RF_API.c"
 229  0053  0700     R  	mov a,_ExtendFIFO_TX_Process_2[2]
 229  0054  0080     E  	mov rb,a
 229  0055  1F00     E  	clr rc
 229  0056  0F13        	mov a,19
 229  0057  0300     R  	add a,_ExtendFIFO_TX_Process_2[0]
 229  0058  0083        	mov mp,a
 229  0059  0F00        	mov a,0
 229  005A  1300     R  	adc a,_ExtendFIFO_TX_Process_2[1]
 229  005B  0084        	mov sbp,a
 229  005C  0700     E  	mov a,rb
 229  005D  0082        	mov ir,a
 229  005E  1483        	inc mp
 229  005F  0700     E  	mov a,rc
 229  0060  0082        	mov ir,a
 230  0061              #line 230 "c:\users\user\documents\htk_project\qbell_doorbell_mb_v1_2_f9\RF_API.c"
 230  0061  0F0E        	mov a,14
 230  0062  2000     E  	call _SpiWriteStrobeCMD
 231  0063              #line 231 "c:\users\user\documents\htk_project\qbell_doorbell_mb_v1_2_f9\RF_API.c"
 231  0063  0700     R  	mov a,_ExtendFIFO_TX_Process_2[0]
 231  0064  0083        	mov mp,a
 231  0065  0700     R  	mov a,_ExtendFIFO_TX_Process_2[1]
 231  0066  0084        	mov sbp,a
 231  0067  0F04        	mov a,4
 231  0068  0082        	mov ir,a
"File: RF_API.c      Assembler  Version HGASM0202      Page 6

 232  0069              #line 232 "c:\users\user\documents\htk_project\qbell_doorbell_mb_v1_2_f9\RF_API.c"
 232  0069  0F01        	mov a,1
 232  006A  0300     R  	add a,_ExtendFIFO_TX_Process_2[0]
 232  006B  0083        	mov mp,a
 232  006C  0F00        	mov a,0
 232  006D  1300     R  	adc a,_ExtendFIFO_TX_Process_2[1]
 232  006E  0084        	mov sbp,a
 232  006F  2000     E  	call _Crom2Prom
 232  0070  0080     R  	mov _ExtendFIFO_TX_Process_2[2],a
 232  0071  1400     R  	inca _ExtendFIFO_TX_Process_2[2]
 232  0072  0080     E  	mov ra,a
 232  0073  0700     E  	mov a,ra
 232  0074  0082        	mov ir,a
 233  0075              #line 233 "c:\users\user\documents\htk_project\qbell_doorbell_mb_v1_2_f9\RF_API.c"
 233  0075  2800     R  	jmp _L2
 233  0076              _L20:
 236  0076              #line 236 "c:\users\user\documents\htk_project\qbell_doorbell_mb_v1_2_f9\RF_API.c"
 236  0076  3C94        	sz [20].1
 236  0077  2800     R  	jmp _L7
 238  0078              #line 238 "c:\users\user\documents\htk_project\qbell_doorbell_mb_v1_2_f9\RF_API.c"
 238  0078  0F04        	mov a,4
 238  0079  2000     E  	call _SpiReadRegCMD
 238  007A  0080     E  	mov ra,a
 238  007B  0F06        	mov a,6
 238  007C  0300     R  	add a,_ExtendFIFO_TX_Process_2[0]
 238  007D  0083        	mov mp,a
 238  007E  0F00        	mov a,0
 238  007F  1300     R  	adc a,_ExtendFIFO_TX_Process_2[1]
 238  0080  0084        	mov sbp,a
 238  0081  0700     E  	mov a,ra
 238  0082  0082        	mov ir,a
 238  0083              _L7:
 240  0083              #line 240 "c:\users\user\documents\htk_project\qbell_doorbell_mb_v1_2_f9\RF_API.c"
 240  0083  0F06        	mov a,6
 240  0084  0300     R  	add a,_ExtendFIFO_TX_Process_2[0]
 240  0085  0083        	mov mp,a
 240  0086  0F00        	mov a,0
 240  0087  1300     R  	adc a,_ExtendFIFO_TX_Process_2[1]
 240  0088  0084        	mov sbp,a
 240  0089  2000     E  	call _Crom2Prom
 240  008A  0080     E  	mov ra,a
 240  008B  3800     E  	snz ra.5
 240  008C  2800     R  	jmp _L8
 242  008D              #line 242 "c:\users\user\documents\htk_project\qbell_doorbell_mb_v1_2_f9\RF_API.c"
 242  008D  0F0A        	mov a,10
 242  008E  2000     E  	call _SpiReadRegCMD
 250  008F              #line 250 "c:\users\user\documents\htk_project\qbell_doorbell_mb_v1_2_f9\RF_API.c"
 250  008F  0700     R  	mov a,_ExtendFIFO_TX_Process_2[0]
 250  0090  0080     E  	mov rb,a
 250  0091  0700     R  	mov a,_ExtendFIFO_TX_Process_2[1]
 250  0092  0080     E  	mov rc,a
 250  0093  0F0C        	mov a,12
 250  0094  0300     E  	add a,rb
 250  0095  0083        	mov mp,a
 250  0096  0F00        	mov a,0
 250  0097  1300     E  	adc a,rc
 250  0098  0084        	mov sbp,a
 250  0099  2000     E  	call _Crom2Prom
 250  009A  0080     E  	mov rd,a
 250  009B  2000     E  	call _Crom2PromNext
"File: RF_API.c      Assembler  Version HGASM0202      Page 7

 250  009C  0080     E  	mov re,a
 250  009D  0F13        	mov a,19
 250  009E  0300     E  	add a,rb
 250  009F  0083        	mov mp,a
 250  00A0  0F00        	mov a,0
 250  00A1  1300     E  	adc a,rc
 250  00A2  0084        	mov sbp,a
 250  00A3  2000     E  	call _Crom2Prom
 250  00A4  0080     E  	mov rb,a
 250  00A5  2000     E  	call _Crom2PromNext
 250  00A6  0080     E  	mov rc,a
 250  00A7  0700     E  	mov a,rb
 250  00A8  0300     E  	add a,rd
 250  00A9  0080     E  	mov _RFWriteBuf2_2[1],a
 250  00AA  0700     E  	mov a,rc
 250  00AB  1300     E  	adc a,re
 250  00AC  0080     E  	mov _RFWriteBuf2_2[2],a
 250  00AD  1F00     E  	clr _RFWriteBuf2_2[0]
 250  00AE  0F11        	mov a,17
 250  00AF  2000     E  	call _RFWriteBuf2
 252  00B0              #line 252 "c:\users\user\documents\htk_project\qbell_doorbell_mb_v1_2_f9\RF_API.c"
 252  00B0  0F20        	mov a,32
 252  00B1  0080     E  	mov _SpiWriteRegCMD_2[0],a
 252  00B2  0F04        	mov a,4
 252  00B3  2000     E  	call _SpiWriteRegCMD
 253  00B4              #line 253 "c:\users\user\documents\htk_project\qbell_doorbell_mb_v1_2_f9\RF_API.c"
 253  00B4  0F06        	mov a,6
 253  00B5  0300     R  	add a,_ExtendFIFO_TX_Process_2[0]
 253  00B6  0083        	mov mp,a
 253  00B7  0F00        	mov a,0
 253  00B8  1300     R  	adc a,_ExtendFIFO_TX_Process_2[1]
 253  00B9  0084        	mov sbp,a
 253  00BA  2000     E  	call _Crom2Prom
 253  00BB  0080     E  	mov ra,a
 253  00BC  3400     E  	clr ra.5
 253  00BD  0700     E  	mov a,ra
 253  00BE  0082        	mov ir,a
 253  00BF              _L8:
 255  00BF              #line 255 "c:\users\user\documents\htk_project\qbell_doorbell_mb_v1_2_f9\RF_API.c"
 255  00BF  0700     R  	mov a,_ExtendFIFO_TX_Process_2[0]
 255  00C0  0080     E  	mov rb,a
 255  00C1  0700     R  	mov a,_ExtendFIFO_TX_Process_2[1]
 255  00C2  0080     E  	mov rc,a
 255  00C3  0F06        	mov a,6
 255  00C4  0300     E  	add a,rb
 255  00C5  0083        	mov mp,a
 255  00C6  0F00        	mov a,0
 255  00C7  1300     E  	adc a,rc
 255  00C8  0084        	mov sbp,a
 255  00C9  2000     E  	call _Crom2Prom
 255  00CA  0080     E  	mov ra,a
 255  00CB  3800     E  	snz ra.0
 255  00CC  2800     R  	jmp _L9
 257  00CD              #line 257 "c:\users\user\documents\htk_project\qbell_doorbell_mb_v1_2_f9\RF_API.c"
 257  00CD  0F0E        	mov a,14
 257  00CE  0300     E  	add a,rb
 257  00CF  0083        	mov mp,a
 257  00D0  0F00        	mov a,0
 257  00D1  1300     E  	adc a,rc
 257  00D2  0084        	mov sbp,a
"File: RF_API.c      Assembler  Version HGASM0202      Page 8

 257  00D3  0F01        	mov a,1
 257  00D4  0082        	mov ir,a
 258  00D5              #line 258 "c:\users\user\documents\htk_project\qbell_doorbell_mb_v1_2_f9\RF_API.c"
 258  00D5  0F01        	mov a,1
 258  00D6  0080     E  	mov _SpiWriteRegCMD_2[0],a
 258  00D7  0F04        	mov a,4
 258  00D8  2000     E  	call _SpiWriteRegCMD
 259  00D9              #line 259 "c:\users\user\documents\htk_project\qbell_doorbell_mb_v1_2_f9\RF_API.c"
 259  00D9  0F0C        	mov a,12
 259  00DA  2000     E  	call _SpiWriteStrobeCMD
 260  00DB              #line 260 "c:\users\user\documents\htk_project\qbell_doorbell_mb_v1_2_f9\RF_API.c"
 260  00DB  0700     R  	mov a,_ExtendFIFO_TX_Process_2[0]
 260  00DC  0083        	mov mp,a
 260  00DD  0700     R  	mov a,_ExtendFIFO_TX_Process_2[1]
 260  00DE  0084        	mov sbp,a
 260  00DF  0F02        	mov a,2
 260  00E0  0082        	mov ir,a
 261  00E1              #line 261 "c:\users\user\documents\htk_project\qbell_doorbell_mb_v1_2_f9\RF_API.c"
 261  00E1  0F06        	mov a,6
 261  00E2  0300     R  	add a,_ExtendFIFO_TX_Process_2[0]
 261  00E3  0083        	mov mp,a
 261  00E4  0F00        	mov a,0
 261  00E5  1300     R  	adc a,_ExtendFIFO_TX_Process_2[1]
 261  00E6  0084        	mov sbp,a
 261  00E7  2000     E  	call _Crom2Prom
 261  00E8  0080     E  	mov ra,a
 261  00E9  3400     E  	clr ra.0
 261  00EA  0700     E  	mov a,ra
 261  00EB  0082        	mov ir,a
 261  00EC              _L9:
 271  00EC              #line 271 "c:\users\user\documents\htk_project\qbell_doorbell_mb_v1_2_f9\RF_API.c"
 271  00EC  0F06        	mov a,6
 271  00ED  0300     R  	add a,_ExtendFIFO_TX_Process_2[0]
 271  00EE  0083        	mov mp,a
 271  00EF  0F00        	mov a,0
 271  00F0  1300     R  	adc a,_ExtendFIFO_TX_Process_2[1]
 271  00F1  0084        	mov sbp,a
 271  00F2  2000     E  	call _Crom2Prom
 271  00F3  0080     E  	mov ra,a
 271  00F4  1E00     E  	snz ra
 271  00F5  2800     R  	jmp _L2
 273  00F6              #line 273 "c:\users\user\documents\htk_project\qbell_doorbell_mb_v1_2_f9\RF_API.c"
 273  00F6  0700     E  	mov a,ra
 273  00F7  0080     E  	mov _SpiWriteRegCMD_2[0],a
 273  00F8  0F04        	mov a,4
 273  00F9  2000     E  	call _SpiWriteRegCMD
 274  00FA              #line 274 "c:\users\user\documents\htk_project\qbell_doorbell_mb_v1_2_f9\RF_API.c"
 274  00FA  0F06        	mov a,6
 274  00FB  0300     R  	add a,_ExtendFIFO_TX_Process_2[0]
 274  00FC  0083        	mov mp,a
 274  00FD  0F00        	mov a,0
 274  00FE  1300     R  	adc a,_ExtendFIFO_TX_Process_2[1]
 274  00FF  0084        	mov sbp,a
 274  0100  0F00        	mov a,0
 274  0101  0082        	mov ir,a
 274  0102              _L2:
 274  0102  0003        	ret
 274  0103              _ExtendFIFO_TX_Process endp
 274  0103              #line 274 "c:\users\user\documents\htk_project\qbell_doorbell_mb_v1_2_f9\RF_API.c"
 274  0103              #pragma debug scope 1 1
"File: RF_API.c      Assembler  Version HGASM0202      Page 9

 274  0103              public _ExtendFIFO_RX_Process
 274  0103              #pragma debug scope 4 1
 289  0103              #line 289 "c:\users\user\documents\htk_project\qbell_doorbell_mb_v1_2_f9\RF_API.c"
 289  0000              _ExtendFIFO_RX_Process .section 'code'
 289  0000              _ExtendFIFO_RX_Process proc
 289  0000              public _ExtendFIFO_RX_Process_2
 289  0000  0003[           local _ExtendFIFO_RX_Process_2 db 3 dup(?)	; 2,1
            00
            ]
 289  0003              #pragma debug struct_end
 289  0003              #pragma debug struct_end
 289  0003              #pragma debug pointer 45 44 4
 289  0003              #pragma debug pointer 45 44 4
 289  0003              #pragma debug variable 45 4 _ExtendFIFO_RX_Process_2+0 "BC3602_T"
 293  0003              #line 293 "c:\users\user\documents\htk_project\qbell_doorbell_mb_v1_2_f9\RF_API.c"
 293  0000  0700     R  	mov a,_ExtendFIFO_RX_Process_2[0]
 293  0001  0080     E  	mov rb,a
 293  0002  0700     R  	mov a,_ExtendFIFO_RX_Process_2[1]
 293  0003  0080     E  	mov rc,a
 293  0004  0F01        	mov a,1
 293  0005  0300     E  	add a,rb
 293  0006  0083        	mov mp,a
 293  0007  0F00        	mov a,0
 293  0008  1300     E  	adc a,rc
 293  0009  0084        	mov sbp,a
 293  000A  2000     E  	call _Crom2Prom
 293  000B  0080     R  	mov _ExtendFIFO_RX_Process_2[2],a
 293  000C  1E00     R  	snz _ExtendFIFO_RX_Process_2[2]
 293  000D  2800     R  	jmp _L23
 293  000E              #line 293 "c:\users\user\documents\htk_project\qbell_doorbell_mb_v1_2_f9\RF_API.c"
 293  000E  1700     R  	sdza _ExtendFIFO_RX_Process_2[2]
 293  000F  2800     R  	jmp _L21
 293  0010  2800     R  	jmp _L41
 293  0011              _L23:
 296  0011              #line 296 "c:\users\user\documents\htk_project\qbell_doorbell_mb_v1_2_f9\RF_API.c"
 296  0011  0F06        	mov a,6
 296  0012  0300     E  	add a,rb
 296  0013  0083        	mov mp,a
 296  0014  0F00        	mov a,0
 296  0015  1300     E  	adc a,rc
 296  0016  0084        	mov sbp,a
 296  0017  0F00        	mov a,0
 296  0018  0082        	mov ir,a
 297  0019              #line 297 "c:\users\user\documents\htk_project\qbell_doorbell_mb_v1_2_f9\RF_API.c"
 297  0019  0F13        	mov a,19
 297  001A  0300     R  	add a,_ExtendFIFO_RX_Process_2[0]
 297  001B  0083        	mov mp,a
 297  001C  0F00        	mov a,0
 297  001D  1300     R  	adc a,_ExtendFIFO_RX_Process_2[1]
 297  001E  0084        	mov sbp,a
 297  001F  1F02        	clr ir
 297  0020  1483        	inc mp
 297  0021  1F02        	clr ir
 298  0022              #line 298 "c:\users\user\documents\htk_project\qbell_doorbell_mb_v1_2_f9\RF_API.c"
 298  0022  0F0C        	mov a,12
 298  0023  2000     E  	call _SpiWriteStrobeCMD
 299  0024              #line 299 "c:\users\user\documents\htk_project\qbell_doorbell_mb_v1_2_f9\RF_API.c"
 299  0024  0700     R  	mov a,_ExtendFIFO_RX_Process_2[0]
 299  0025  0083        	mov mp,a
 299  0026  0700     R  	mov a,_ExtendFIFO_RX_Process_2[1]
"File: RF_API.c      Assembler  Version HGASM0202      Page 10

 299  0027  0084        	mov sbp,a
 299  0028  0F02        	mov a,2
 299  0029  0082        	mov ir,a
 301  002A              #line 301 "c:\users\user\documents\htk_project\qbell_doorbell_mb_v1_2_f9\RF_API.c"
 301  002A  0F0A        	mov a,10
 301  002B  2000     E  	call _SpiReadRegCMD
 301  002C  0080     E  	mov ra,a
 301  002D  0FF0        	mov a,240
 301  002E  0680     E  	andm a,ra
 302  002F              #line 302 "c:\users\user\documents\htk_project\qbell_doorbell_mb_v1_2_f9\RF_API.c"
 302  002F  0700     E  	mov a,ra
 302  0030  0D07        	or a,7
 302  0031  0080     E  	mov _SpiWriteRegCMD_2[0],a
 302  0032  0F0A        	mov a,10
 302  0033  2000     E  	call _SpiWriteRegCMD
 304  0034              #line 304 "c:\users\user\documents\htk_project\qbell_doorbell_mb_v1_2_f9\RF_API.c"
 304  0034  0F32        	mov a,50
 304  0035  0080     E  	mov _SpiWriteRegCMD_2[0],a
 304  0036  0F03        	mov a,3
 304  0037  2000     E  	call _SpiWriteRegCMD
 306  0038              #line 306 "c:\users\user\documents\htk_project\qbell_doorbell_mb_v1_2_f9\RF_API.c"
 306  0038  0F20        	mov a,32
 306  0039  2000     E  	call _SpiWriteStrobeCMD
 310  003A              #line 310 "c:\users\user\documents\htk_project\qbell_doorbell_mb_v1_2_f9\RF_API.c"
 310  003A  0F2B        	mov a,43
 310  003B  2000     E  	call _SpiReadRegCMD
 310  003C  0080     E  	mov ra,a
 311  003D              #line 311 "c:\users\user\documents\htk_project\qbell_doorbell_mb_v1_2_f9\RF_API.c"
 311  003D  3400     E  	clr ra.0
 311  003E  0700     E  	mov a,ra
 311  003F  0080     E  	mov _SpiWriteRegCMD_2[0],a
 311  0040  0F2B        	mov a,43
 311  0041  2000     E  	call _SpiWriteRegCMD
 313  0042              #line 313 "c:\users\user\documents\htk_project\qbell_doorbell_mb_v1_2_f9\RF_API.c"
 313  0042  0F11        	mov a,17
 313  0043  0300     R  	add a,_ExtendFIFO_RX_Process_2[0]
 313  0044  0083        	mov mp,a
 313  0045  0F00        	mov a,0
 313  0046  1300     R  	adc a,_ExtendFIFO_RX_Process_2[1]
 313  0047  0084        	mov sbp,a
 313  0048  2000     E  	call _Crom2Prom
 313  0049  0080     E  	mov _ExtTxLength[0],a
 314  004A              #line 314 "c:\users\user\documents\htk_project\qbell_doorbell_mb_v1_2_f9\RF_API.c"
 314  004A  0F89        	mov a,137
 314  004B  2000     E  	call _SpiWriteStrobeCMD
 315  004C              #line 315 "c:\users\user\documents\htk_project\qbell_doorbell_mb_v1_2_f9\RF_API.c"
 315  004C  0700     E  	mov a,_ExtTxLength[0]
 315  004D  0080     E  	mov _SpiWriteRegCMD_2[0],a
 315  004E  0F10        	mov a,16
 315  004F  2000     E  	call _SpiWriteRegCMD
 324  0050              #line 324 "c:\users\user\documents\htk_project\qbell_doorbell_mb_v1_2_f9\RF_API.c"
 324  0050  0F8E        	mov a,142
 324  0051  2000     E  	call _SpiWriteStrobeCMD
 325  0052              #line 325 "c:\users\user\documents\htk_project\qbell_doorbell_mb_v1_2_f9\RF_API.c"
 325  0052  0700     R  	mov a,_ExtendFIFO_RX_Process_2[0]
 325  0053  0083        	mov mp,a
 325  0054  0700     R  	mov a,_ExtendFIFO_RX_Process_2[1]
 325  0055  0084        	mov sbp,a
 325  0056  0F05        	mov a,5
 325  0057  0082        	mov ir,a
"File: RF_API.c      Assembler  Version HGASM0202      Page 11

 327  0058              #line 327 "c:\users\user\documents\htk_project\qbell_doorbell_mb_v1_2_f9\RF_API.c"
 327  0058  0F01        	mov a,1
 327  0059  0300     R  	add a,_ExtendFIFO_RX_Process_2[0]
 327  005A  0083        	mov mp,a
 327  005B  0F00        	mov a,0
 327  005C  1300     R  	adc a,_ExtendFIFO_RX_Process_2[1]
 327  005D  0084        	mov sbp,a
 327  005E  2000     E  	call _Crom2Prom
 327  005F  0080     R  	mov _ExtendFIFO_RX_Process_2[2],a
 327  0060  1400     R  	inca _ExtendFIFO_RX_Process_2[2]
 327  0061  0080     E  	mov ra,a
 327  0062  0700     E  	mov a,ra
 327  0063  0082        	mov ir,a
 328  0064              #line 328 "c:\users\user\documents\htk_project\qbell_doorbell_mb_v1_2_f9\RF_API.c"
 328  0064  2800     R  	jmp _L21
 328  0065              _L41:
 333  0065              #line 333 "c:\users\user\documents\htk_project\qbell_doorbell_mb_v1_2_f9\RF_API.c"
 333  0065  3C94        	sz [20].1
 333  0066  2800     R  	jmp _L25
 335  0067              #line 335 "c:\users\user\documents\htk_project\qbell_doorbell_mb_v1_2_f9\RF_API.c"
 335  0067  0F04        	mov a,4
 335  0068  2000     E  	call _SpiReadRegCMD
 335  0069  0080     E  	mov ra,a
 335  006A  0F06        	mov a,6
 335  006B  0300     R  	add a,_ExtendFIFO_RX_Process_2[0]
 335  006C  0083        	mov mp,a
 335  006D  0F00        	mov a,0
 335  006E  1300     R  	adc a,_ExtendFIFO_RX_Process_2[1]
 335  006F  0084        	mov sbp,a
 335  0070  0700     E  	mov a,ra
 335  0071  0082        	mov ir,a
 335  0072              _L25:
 337  0072              #line 337 "c:\users\user\documents\htk_project\qbell_doorbell_mb_v1_2_f9\RF_API.c"
 337  0072  0F06        	mov a,6
 337  0073  0300     R  	add a,_ExtendFIFO_RX_Process_2[0]
 337  0074  0083        	mov mp,a
 337  0075  0F00        	mov a,0
 337  0076  1300     R  	adc a,_ExtendFIFO_RX_Process_2[1]
 337  0077  0084        	mov sbp,a
 337  0078  2000     E  	call _Crom2Prom
 337  0079  0080     E  	mov ra,a
 337  007A  3800     E  	snz ra.5
 337  007B  2800     R  	jmp _L26
 339  007C              #line 339 "c:\users\user\documents\htk_project\qbell_doorbell_mb_v1_2_f9\RF_API.c"
 339  007C  0F10        	mov a,16
 339  007D  2000     E  	call _SpiReadRegCMD
 339  007E  0080     R  	mov _ExtendFIFO_RX_Process_2[2],a
 340  007F              #line 340 "c:\users\user\documents\htk_project\qbell_doorbell_mb_v1_2_f9\RF_API.c"
 340  007F  0700     E  	mov a,_ExtRxLength[0]
 340  0080  0200     R  	sub a,_ExtendFIFO_RX_Process_2[2]
 340  0081  0080     E  	mov _ExtRxLength[0],a
 341  0082              #line 341 "c:\users\user\documents\htk_project\qbell_doorbell_mb_v1_2_f9\RF_API.c"
 341  0082  0700     R  	mov a,_ExtendFIFO_RX_Process_2[0]
 341  0083  0080     E  	mov rb,a
 341  0084  0700     R  	mov a,_ExtendFIFO_RX_Process_2[1]
 341  0085  0080     E  	mov rc,a
 341  0086  0F15        	mov a,21
 341  0087  0300     E  	add a,rb
 341  0088  0083        	mov mp,a
 341  0089  0F00        	mov a,0
"File: RF_API.c      Assembler  Version HGASM0202      Page 12

 341  008A  1300     E  	adc a,rc
 341  008B  0084        	mov sbp,a
 341  008C  2000     E  	call _Crom2Prom
 341  008D  0080     E  	mov rd,a
 341  008E  2000     E  	call _Crom2PromNext
 341  008F  0080     E  	mov re,a
 341  0090  0F13        	mov a,19
 341  0091  0300     E  	add a,rb
 341  0092  0083        	mov mp,a
 341  0093  0F00        	mov a,0
 341  0094  1300     E  	adc a,rc
 341  0095  0084        	mov sbp,a
 341  0096  2000     E  	call _Crom2Prom
 341  0097  0080     E  	mov rb,a
 341  0098  2000     E  	call _Crom2PromNext
 341  0099  0080     E  	mov rc,a
 341  009A  0700     E  	mov a,rb
 341  009B  0300     E  	add a,rd
 341  009C  0080     E  	mov _RFReadBuf2_2[1],a
 341  009D  0700     E  	mov a,rc
 341  009E  1300     E  	adc a,re
 341  009F  0080     E  	mov _RFReadBuf2_2[2],a
 341  00A0  0700     R  	mov a,_ExtendFIFO_RX_Process_2[2]
 341  00A1  0080     E  	mov _RFReadBuf2_2[0],a
 341  00A2  0F91        	mov a,145
 341  00A3  2000     E  	call _RFReadBuf2
 342  00A4              #line 342 "c:\users\user\documents\htk_project\qbell_doorbell_mb_v1_2_f9\RF_API.c"
 342  00A4  0F13        	mov a,19
 342  00A5  0300     R  	add a,_ExtendFIFO_RX_Process_2[0]
 342  00A6  0080     E  	mov rb,a
 342  00A7  0F00        	mov a,0
 342  00A8  1300     R  	adc a,_ExtendFIFO_RX_Process_2[1]
 342  00A9  0080     E  	mov rc,a
 342  00AA  0700     E  	mov a,rb
 342  00AB  0083        	mov mp,a
 342  00AC  0700     E  	mov a,rc
 342  00AD  0084        	mov sbp,a
 342  00AE  2000     E  	call _Crom2Prom
 342  00AF  0080     E  	mov rd,a
 342  00B0  2000     E  	call _Crom2PromNext
 342  00B1  0080     E  	mov re,a
 342  00B2  0700     R  	mov a,_ExtendFIFO_RX_Process_2[2]
 342  00B3  0380     E  	addm a,rd
 342  00B4  3C0A        	sz c
 342  00B5  1480     E  	inc re
 342  00B6  0700     E  	mov a,rb
 342  00B7  0083        	mov mp,a
 342  00B8  0700     E  	mov a,rc
 342  00B9  0084        	mov sbp,a
 342  00BA  0700     E  	mov a,rd
 342  00BB  0082        	mov ir,a
 342  00BC  1483        	inc mp
 342  00BD  0700     E  	mov a,re
 342  00BE  0082        	mov ir,a
 343  00BF              #line 343 "c:\users\user\documents\htk_project\qbell_doorbell_mb_v1_2_f9\RF_API.c"
 343  00BF  0F20        	mov a,32
 343  00C0  0080     E  	mov _SpiWriteRegCMD_2[0],a
 343  00C1  0F04        	mov a,4
 343  00C2  2000     E  	call _SpiWriteRegCMD
 344  00C3              #line 344 "c:\users\user\documents\htk_project\qbell_doorbell_mb_v1_2_f9\RF_API.c"
"File: RF_API.c      Assembler  Version HGASM0202      Page 13

 344  00C3  0F06        	mov a,6
 344  00C4  0300     R  	add a,_ExtendFIFO_RX_Process_2[0]
 344  00C5  0083        	mov mp,a
 344  00C6  0F00        	mov a,0
 344  00C7  1300     R  	adc a,_ExtendFIFO_RX_Process_2[1]
 344  00C8  0084        	mov sbp,a
 344  00C9  2000     E  	call _Crom2Prom
 344  00CA  0080     E  	mov ra,a
 344  00CB  3400     E  	clr ra.5
 344  00CC  0700     E  	mov a,ra
 344  00CD  0082        	mov ir,a
 344  00CE              _L26:
 346  00CE              #line 346 "c:\users\user\documents\htk_project\qbell_doorbell_mb_v1_2_f9\RF_API.c"
 346  00CE  0700     R  	mov a,_ExtendFIFO_RX_Process_2[0]
 346  00CF  0080     E  	mov rb,a
 346  00D0  0700     R  	mov a,_ExtendFIFO_RX_Process_2[1]
 346  00D1  0080     E  	mov rc,a
 346  00D2  0F06        	mov a,6
 346  00D3  0300     E  	add a,rb
 346  00D4  0083        	mov mp,a
 346  00D5  0F00        	mov a,0
 346  00D6  1300     E  	adc a,rc
 346  00D7  0084        	mov sbp,a
 346  00D8  2000     E  	call _Crom2Prom
 346  00D9  0080     E  	mov ra,a
 346  00DA  0700     E  	mov a,ra
 346  00DB  0E12        	and a,18
 346  00DC  0080     E  	mov rd,a
 346  00DD  1E00     E  	snz rd
 346  00DE  2800     R  	jmp _L27
 348  00DF              #line 348 "c:\users\user\documents\htk_project\qbell_doorbell_mb_v1_2_f9\RF_API.c"
 348  00DF  3800     E  	snz ra.1
 348  00E0  2800     R  	jmp _L28
 349  00E1              #line 349 "c:\users\user\documents\htk_project\qbell_doorbell_mb_v1_2_f9\RF_API.c"
 349  00E1  0F17        	mov a,23
 349  00E2  0300     E  	add a,rb
 349  00E3  0083        	mov mp,a
 349  00E4  0F00        	mov a,0
 349  00E5  1300     E  	adc a,rc
 349  00E6  0084        	mov sbp,a
 349  00E7  0F01        	mov a,1
 349  00E8  0082        	mov ir,a
 349  00E9              _L28:
 350  00E9              #line 350 "c:\users\user\documents\htk_project\qbell_doorbell_mb_v1_2_f9\RF_API.c"
 350  00E9  0F10        	mov a,16
 350  00EA  2000     E  	call _SpiReadRegCMD
 350  00EB  0080     R  	mov _ExtendFIFO_RX_Process_2[2],a
 351  00EC              #line 351 "c:\users\user\documents\htk_project\qbell_doorbell_mb_v1_2_f9\RF_API.c"
 351  00EC  0F2A        	mov a,42
 351  00ED  2000     E  	call _SpiReadRegCMD
 351  00EE  0080     E  	mov ra,a
 351  00EF  0F18        	mov a,24
 351  00F0  0300     R  	add a,_ExtendFIFO_RX_Process_2[0]
 351  00F1  0083        	mov mp,a
 351  00F2  0F00        	mov a,0
 351  00F3  1300     R  	adc a,_ExtendFIFO_RX_Process_2[1]
 351  00F4  0084        	mov sbp,a
 351  00F5  0700     E  	mov a,ra
 351  00F6  0082        	mov ir,a
 352  00F7              #line 352 "c:\users\user\documents\htk_project\qbell_doorbell_mb_v1_2_f9\RF_API.c"
"File: RF_API.c      Assembler  Version HGASM0202      Page 14

 352  00F7  0700     R  	mov a,_ExtendFIFO_RX_Process_2[0]
 352  00F8  0080     E  	mov rb,a
 352  00F9  0700     R  	mov a,_ExtendFIFO_RX_Process_2[1]
 352  00FA  0080     E  	mov rc,a
 352  00FB  0F15        	mov a,21
 352  00FC  0300     E  	add a,rb
 352  00FD  0083        	mov mp,a
 352  00FE  0F00        	mov a,0
 352  00FF  1300     E  	adc a,rc
 352  0100  0084        	mov sbp,a
 352  0101  2000     E  	call _Crom2Prom
 352  0102  0080     E  	mov rd,a
 352  0103  2000     E  	call _Crom2PromNext
 352  0104  0080     E  	mov re,a
 352  0105  0F13        	mov a,19
 352  0106  0300     E  	add a,rb
 352  0107  0083        	mov mp,a
 352  0108  0F00        	mov a,0
 352  0109  1300     E  	adc a,rc
 352  010A  0084        	mov sbp,a
 352  010B  2000     E  	call _Crom2Prom
 352  010C  0080     E  	mov rb,a
 352  010D  2000     E  	call _Crom2PromNext
 352  010E  0080     E  	mov rc,a
 352  010F  0700     E  	mov a,rb
 352  0110  0300     E  	add a,rd
 352  0111  0080     E  	mov _RFReadBuf2_2[1],a
 352  0112  0700     E  	mov a,rc
 352  0113  1300     E  	adc a,re
 352  0114  0080     E  	mov _RFReadBuf2_2[2],a
 352  0115  0700     R  	mov a,_ExtendFIFO_RX_Process_2[2]
 352  0116  0080     E  	mov _RFReadBuf2_2[0],a
 352  0117  0F91        	mov a,145
 352  0118  2000     E  	call _RFReadBuf2
 353  0119              #line 353 "c:\users\user\documents\htk_project\qbell_doorbell_mb_v1_2_f9\RF_API.c"
 353  0119  0F13        	mov a,19
 353  011A  0300     R  	add a,_ExtendFIFO_RX_Process_2[0]
 353  011B  0080     E  	mov rb,a
 353  011C  0F00        	mov a,0
 353  011D  1300     R  	adc a,_ExtendFIFO_RX_Process_2[1]
 353  011E  0080     E  	mov rc,a
 353  011F  0700     E  	mov a,rb
 353  0120  0083        	mov mp,a
 353  0121  0700     E  	mov a,rc
 353  0122  0084        	mov sbp,a
 353  0123  2000     E  	call _Crom2Prom
 353  0124  0080     E  	mov rd,a
 353  0125  2000     E  	call _Crom2PromNext
 353  0126  0080     E  	mov re,a
 353  0127  0700     R  	mov a,_ExtendFIFO_RX_Process_2[2]
 353  0128  0380     E  	addm a,rd
 353  0129  3C0A        	sz c
 353  012A  1480     E  	inc re
 353  012B  0700     E  	mov a,rb
 353  012C  0083        	mov mp,a
 353  012D  0700     E  	mov a,rc
 353  012E  0084        	mov sbp,a
 353  012F  0700     E  	mov a,rd
 353  0130  0082        	mov ir,a
 353  0131  1483        	inc mp
"File: RF_API.c      Assembler  Version HGASM0202      Page 15

 353  0132  0700     E  	mov a,re
 353  0133  0082        	mov ir,a
 354  0134              #line 354 "c:\users\user\documents\htk_project\qbell_doorbell_mb_v1_2_f9\RF_API.c"
 354  0134  0F12        	mov a,18
 354  0135  0080     E  	mov _SpiWriteRegCMD_2[0],a
 354  0136  0F04        	mov a,4
 354  0137  2000     E  	call _SpiWriteRegCMD
 355  0138              #line 355 "c:\users\user\documents\htk_project\qbell_doorbell_mb_v1_2_f9\RF_API.c"
 355  0138  0F0C        	mov a,12
 355  0139  2000     E  	call _SpiWriteStrobeCMD
 356  013A              #line 356 "c:\users\user\documents\htk_project\qbell_doorbell_mb_v1_2_f9\RF_API.c"
 356  013A  0700     R  	mov a,_ExtendFIFO_RX_Process_2[0]
 356  013B  0083        	mov mp,a
 356  013C  0700     R  	mov a,_ExtendFIFO_RX_Process_2[1]
 356  013D  0084        	mov sbp,a
 356  013E  0F05        	mov a,5
 356  013F  0082        	mov ir,a
 357  0140              #line 357 "c:\users\user\documents\htk_project\qbell_doorbell_mb_v1_2_f9\RF_API.c"
 357  0140  0F06        	mov a,6
 357  0141  0300     R  	add a,_ExtendFIFO_RX_Process_2[0]
 357  0142  0083        	mov mp,a
 357  0143  0F00        	mov a,0
 357  0144  1300     R  	adc a,_ExtendFIFO_RX_Process_2[1]
 357  0145  0084        	mov sbp,a
 357  0146  2000     E  	call _Crom2Prom
 357  0147  0080     R  	mov _ExtendFIFO_RX_Process_2[2],a
 357  0148  0700     R  	mov a,_ExtendFIFO_RX_Process_2[2]
 357  0149  0EED        	and a,237
 357  014A  0080     E  	mov ra,a
 357  014B  0700     E  	mov a,ra
 357  014C  0082        	mov ir,a
 358  014D              #line 358 "c:\users\user\documents\htk_project\qbell_doorbell_mb_v1_2_f9\RF_API.c"
 358  014D  0F01        	mov a,1
 358  014E  0300     R  	add a,_ExtendFIFO_RX_Process_2[0]
 358  014F  0083        	mov mp,a
 358  0150  0F00        	mov a,0
 358  0151  1300     R  	adc a,_ExtendFIFO_RX_Process_2[1]
 358  0152  0084        	mov sbp,a
 358  0153  0F00        	mov a,0
 358  0154  0082        	mov ir,a
 358  0155              _L27:
 368  0155              #line 368 "c:\users\user\documents\htk_project\qbell_doorbell_mb_v1_2_f9\RF_API.c"
 368  0155  0F06        	mov a,6
 368  0156  0300     R  	add a,_ExtendFIFO_RX_Process_2[0]
 368  0157  0083        	mov mp,a
 368  0158  0F00        	mov a,0
 368  0159  1300     R  	adc a,_ExtendFIFO_RX_Process_2[1]
 368  015A  0084        	mov sbp,a
 368  015B  2000     E  	call _Crom2Prom
 368  015C  0080     E  	mov ra,a
 368  015D  1E00     E  	snz ra
 368  015E  2800     R  	jmp _L21
 370  015F              #line 370 "c:\users\user\documents\htk_project\qbell_doorbell_mb_v1_2_f9\RF_API.c"
 370  015F  0700     E  	mov a,ra
 370  0160  0080     E  	mov _SpiWriteRegCMD_2[0],a
 370  0161  0F04        	mov a,4
 370  0162  2000     E  	call _SpiWriteRegCMD
 371  0163              #line 371 "c:\users\user\documents\htk_project\qbell_doorbell_mb_v1_2_f9\RF_API.c"
 371  0163  0F06        	mov a,6
 371  0164  0300     R  	add a,_ExtendFIFO_RX_Process_2[0]
"File: RF_API.c      Assembler  Version HGASM0202      Page 16

 371  0165  0083        	mov mp,a
 371  0166  0F00        	mov a,0
 371  0167  1300     R  	adc a,_ExtendFIFO_RX_Process_2[1]
 371  0168  0084        	mov sbp,a
 371  0169  0F00        	mov a,0
 371  016A  0082        	mov ir,a
 371  016B              _L21:
 371  016B  0003        	ret
 371  016C              _ExtendFIFO_RX_Process endp
 371  016C              #line 371 "c:\users\user\documents\htk_project\qbell_doorbell_mb_v1_2_f9\RF_API.c"
 371  016C              #pragma debug scope 1 1
 371  016C              public _margin_len
 371  0000              @crom	.section 'crom'
  14  0000              #line 14 "c:\users\user\documents\htk_project\qbell_doorbell_mb_v1_2_f9\RF_API.c"
  14  0000              @crom	.section	'crom'
  14  0000              _margin_len:
  14  0000              #pragma debug array 46 8 4 1
  14  0000              #pragma debug array 46 8 4 1
  14  0000              #pragma debug variable 46 1 _margin_len "margin_len"
  14  0000              	db 4
  14  0001              	db 8
  14  0001              	db 16
  14  0002              	db 32
  13  0002              #line 13 "c:\users\user\documents\htk_project\qbell_doorbell_mb_v1_2_f9\RF_API.c"
  13  0002              public _syncword
  13  0000              @HCCINIT0_syncword .section 'data'
  13  0000  0004[       _syncword	db 4 dup(0)
            00
            ]
  13  0004              #pragma debug variable 46 1 _syncword "syncword"
  13  0004              
  13  0000              @HCCINIT .section 'data'
  12  0000              #line 12 "c:\users\user\documents\htk_project\qbell_doorbell_mb_v1_2_f9\RF_API.c"
  12  0000              public _Resent_Count
  12  0000              @HCCINIT0_Resent_Count .section 'data'
  12  0000  0002[       _Resent_Count	db 2 dup(0)
            00
            ]
  12  0002              #pragma debug variable 12 1 _Resent_Count "Resent_Count"
  12  0002              
  12  0000              @HCCINIT .section 'data'
  10  0000              #line 10 "c:\users\user\documents\htk_project\qbell_doorbell_mb_v1_2_f9\RF_API.c"
  10  0000              public _BC3602_T
  10  0000              @HCCINIT0_BC3602_T .section 'data'
  10  0000  0019[       _BC3602_T	db 25 dup(0)
            00
            ]
  10  0019              #pragma debug struct_end
  10  0019              #pragma debug struct_end
  10  0019              #pragma debug variable 47 1 _BC3602_T "BC3602_T"
  10  0019              
  10  0000              @HCCINIT .section 'data'
  10  0000              #pragma debug struct_end
  10  0000              #pragma debug struct_end
  10  0000              #pragma debug union_end
  10  0000              #pragma debug union_end
  10  0000              #pragma debug variable 49 1 ___pa "__pa" 1
  10  0000              
  10  0000              ; output external variables
  10  0000              extern _ExtRxLength:byte
"File: RF_API.c      Assembler  Version HGASM0202      Page 17

  10  0000              extern _ExtTxLength:byte
  10  0000              extern _RF_RXFIFO:byte
  10  0000              extern _RF_TXFIFO:byte
  10  0000              extern _SpiWriteStrobeCMD:near
  10  0000              extern _RFReadBuf2_2:byte
  10  0000              extern _RFReadBuf2:near
  10  0000              extern _SpiReadRegCMD:near
  10  0000              extern _Extend_FIFO_Enable:near
  10  0000              extern _SpiWriteRegCMD_2:byte
  10  0000              extern _SpiWriteRegCMD:near
  10  0000              extern _RFWriteBuf2_2:byte
  10  0000              extern _RFWriteBuf2:near
  10  0000              
  10  0000              ; 
  10  0000              ; Generated by holtek-gcc v3.19, Tue Oct 18 12:10:02 2022
  10  0000              ; Rebuild 718
  10  0000              ; end of file


        0 Errors, 0